34, 56
3000, 2700
This is inset Arr: 
T[BLOCK, R[(153, 150), 622, 550, (775, 700)]]
T[BLOCK, R[(222, 700), 585, 585, (807, 1285)]]
T[BLOCK, R[(808, 701), 587, 583, (1395, 1284)]]
T[BLOCK, R[(1395, 699), 583, 587, (1978, 1286)]]
T[BLOCK, R[(1673, 5), 588, 582, (2261, 587)]]
T[BLOCK, R[(2262, 0), 582, 588, (2844, 588)]]
T[BLOCK, R[(1643, 1764), 589, 581, (2232, 2345)]]
T[BLOCK, R[(2232, 1404), 581, 589, (2813, 1993)]]
T[BLOCK, R[(2232, 1993), 614, 557, (2846, 2550)]]
T[BLOCK, R[(150, 1285), 815, 816, (965, 2101)]]
T[BLOCK, R[(2034, 588), 815, 816, (2849, 1404)]]
T[BLOCK, R[(1235, 1286), 478, 478, (1713, 1764)]]
T[BLOCK, R[(631, 2333), 245, 217, (876, 2550)]]
T[BLOCK, R[(616, 2101), 230, 232, (846, 2333)]]
T[BLOCK, R[(150, 2330), 233, 229, (383, 2559)]]
T[BLOCK, R[(383, 2335), 248, 215, (631, 2550)]]
T[BLOCK, R[(150, 2102), 234, 228, (384, 2330)]]
T[BLOCK, R[(386, 2101), 228, 234, (614, 2335)]]
T[BLOCK, R[(965, 2226), 338, 338, (1303, 2564)]]
T[BLOCK, R[(966, 1885), 337, 339, (1303, 2224)]]
T[BLOCK, R[(1303, 1887), 340, 336, (1643, 2223)]]
T[BLOCK, R[(0, 100), 150, 450, (150, 550)]]
T[BLOCK, R[(0, 700), 150, 450, (150, 1150)]]
T[BLOCK, R[(0, 1150), 150, 450, (150, 1600)]]
T[BLOCK, R[(0, 1800), 150, 450, (150, 2250)]]
T[BLOCK, R[(0, 2250), 150, 450, (150, 2700)]]
T[BLOCK, R[(500, 2550), 450, 150, (950, 2700)]]
T[BLOCK, R[(1500, 2550), 450, 150, (1950, 2700)]]
T[BLOCK, R[(2000, 2550), 450, 150, (2450, 2700)]]
T[BLOCK, R[(2850, 1850), 150, 450, (3000, 2300)]]
T[BLOCK, R[(2850, 1400), 150, 450, (3000, 1850)]]
T[BLOCK, R[(2850, 850), 150, 450, (3000, 1300)]]
T[BLOCK, R[(2850, 400), 150, 450, (3000, 850)]]
T[BLOCK, R[(400, 0), 450, 150, (850, 150)]]

Start Inserting Process
Insert Tile No. 0	T[BLOCK, R[(153, 150), 622, 550, (775, 700)]]
allTilesArr: 
T[BLANK, R[(775, 150), 2225, 550, (3000, 700)]]
T[BLANK, R[(0, 0), 3000, 150, (3000, 150)]]
T[BLANK, R[(0, 150), 153, 550, (153, 700)]]
T[BLANK, R[(0, 700), 3000, 2000, (3000, 2700)]]
T[BLOCK, R[(153, 150), 622, 550, (775, 700)]]
Neo check result: N-Pass
Traditional check result: PASS
printing visualize to -> ./outputs/case06/case06-output-0.txt
Insert Tile No. 1	T[BLOCK, R[(222, 700), 585, 585, (807, 1285)]]
allTilesArr: 
T[BLANK, R[(0, 0), 3000, 150, (3000, 150)]]
T[BLANK, R[(807, 700), 2193, 585, (3000, 1285)]]
T[BLANK, R[(775, 150), 2225, 550, (3000, 700)]]
T[BLOCK, R[(153, 150), 622, 550, (775, 700)]]
T[BLANK, R[(0, 150), 153, 550, (153, 700)]]
T[BLANK, R[(0, 700), 222, 585, (222, 1285)]]
T[BLANK, R[(0, 1285), 3000, 1415, (3000, 2700)]]
T[BLOCK, R[(222, 700), 585, 585, (807, 1285)]]
Neo check result: N-Pass
Traditional check result: PASS
printing visualize to -> ./outputs/case06/case06-output-1.txt
Insert Tile No. 2	T[BLOCK, R[(808, 701), 587, 583, (1395, 1284)]]
allTilesArr: 
T[BLANK, R[(0, 0), 3000, 150, (3000, 150)]]
T[BLOCK, R[(808, 701), 587, 583, (1395, 1284)]]
T[BLANK, R[(807, 701), 1, 583, (808, 1284)]]
T[BLANK, R[(807, 1284), 2193, 1, (3000, 1285)]]
T[BLANK, R[(807, 700), 2193, 1, (3000, 701)]]
T[BLANK, R[(775, 150), 2225, 550, (3000, 700)]]
T[BLANK, R[(1395, 701), 1605, 583, (3000, 1284)]]
T[BLOCK, R[(153, 150), 622, 550, (775, 700)]]
T[BLANK, R[(0, 150), 153, 550, (153, 700)]]
T[BLANK, R[(0, 700), 222, 585, (222, 1285)]]
T[BLANK, R[(0, 1285), 3000, 1415, (3000, 2700)]]
T[BLOCK, R[(222, 700), 585, 585, (807, 1285)]]
Neo check result: N-Pass
Traditional check result: PASS
printing visualize to -> ./outputs/case06/case06-output-2.txt
Insert Tile No. 3	T[BLOCK, R[(1395, 699), 583, 587, (1978, 1286)]]
allTilesArr: 
T[BLANK, R[(1978, 699), 1022, 587, (3000, 1286)]]
T[BLANK, R[(775, 150), 2225, 549, (3000, 699)]]
T[BLOCK, R[(1395, 699), 583, 587, (1978, 1286)]]
T[BLANK, R[(0, 1286), 3000, 1414, (3000, 2700)]]
T[BLANK, R[(0, 1285), 1395, 1, (1395, 1286)]]
T[BLOCK, R[(808, 701), 587, 583, (1395, 1284)]]
T[BLANK, R[(0, 700), 222, 585, (222, 1285)]]
T[BLOCK, R[(222, 700), 585, 585, (807, 1285)]]
T[BLANK, R[(775, 699), 620, 1, (1395, 700)]]
T[BLOCK, R[(153, 150), 622, 550, (775, 700)]]
T[BLANK, R[(807, 701), 1, 583, (808, 1284)]]
T[BLANK, R[(807, 700), 588, 1, (1395, 701)]]
T[BLANK, R[(807, 1284), 588, 1, (1395, 1285)]]
T[BLANK, R[(0, 150), 153, 550, (153, 700)]]
T[BLANK, R[(0, 0), 3000, 150, (3000, 150)]]
Neo check result: N-Pass
Traditional check result: PASS
printing visualize to -> ./outputs/case06/case06-output-3.txt
Insert Tile No. 4	T[BLOCK, R[(1673, 5), 588, 582, (2261, 587)]]
allTilesArr: 
T[BLANK, R[(0, 0), 3000, 5, (3000, 5)]]
T[BLANK, R[(2261, 5), 739, 582, (3000, 587)]]
T[BLOCK, R[(1673, 5), 588, 582, (2261, 587)]]
T[BLANK, R[(1978, 699), 1022, 587, (3000, 1286)]]
T[BLANK, R[(775, 587), 2225, 112, (3000, 699)]]
T[BLANK, R[(775, 150), 898, 437, (1673, 587)]]
T[BLOCK, R[(1395, 699), 583, 587, (1978, 1286)]]
T[BLANK, R[(0, 1286), 3000, 1414, (3000, 2700)]]
T[BLANK, R[(0, 1285), 1395, 1, (1395, 1286)]]
T[BLOCK, R[(808, 701), 587, 583, (1395, 1284)]]
T[BLANK, R[(0, 5), 1673, 145, (1673, 150)]]
T[BLANK, R[(0, 700), 222, 585, (222, 1285)]]
T[BLOCK, R[(222, 700), 585, 585, (807, 1285)]]
T[BLANK, R[(775, 699), 620, 1, (1395, 700)]]
T[BLOCK, R[(153, 150), 622, 550, (775, 700)]]
T[BLANK, R[(807, 701), 1, 583, (808, 1284)]]
T[BLANK, R[(807, 700), 588, 1, (1395, 701)]]
T[BLANK, R[(807, 1284), 588, 1, (1395, 1285)]]
T[BLANK, R[(0, 150), 153, 550, (153, 700)]]
Neo check result: N-Pass
Traditional check result: PASS
printing visualize to -> ./outputs/case06/case06-output-4.txt
Insert Tile No. 5	T[BLOCK, R[(2262, 0), 582, 588, (2844, 588)]]
allTilesArr: 
T[BLANK, R[(2844, 0), 156, 588, (3000, 588)]]
T[BLANK, R[(807, 701), 1, 583, (808, 1284)]]
T[BLANK, R[(0, 0), 2262, 5, (2262, 5)]]
T[BLANK, R[(2261, 5), 1, 582, (2262, 587)]]
T[BLOCK, R[(1673, 5), 588, 582, (2261, 587)]]
T[BLANK, R[(775, 587), 1487, 1, (2262, 588)]]
T[BLANK, R[(775, 150), 898, 437, (1673, 587)]]
T[BLANK, R[(0, 5), 1673, 145, (1673, 150)]]
T[BLOCK, R[(153, 150), 622, 550, (775, 700)]]
T[BLOCK, R[(2262, 0), 582, 588, (2844, 588)]]
T[BLANK, R[(775, 588), 2225, 111, (3000, 699)]]
T[BLANK, R[(1978, 699), 1022, 587, (3000, 1286)]]
T[BLANK, R[(0, 1286), 3000, 1414, (3000, 2700)]]
T[BLANK, R[(0, 1285), 1395, 1, (1395, 1286)]]
T[BLOCK, R[(808, 701), 587, 583, (1395, 1284)]]
T[BLOCK, R[(1395, 699), 583, 587, (1978, 1286)]]
T[BLANK, R[(775, 699), 620, 1, (1395, 700)]]
T[BLANK, R[(807, 700), 588, 1, (1395, 701)]]
T[BLOCK, R[(222, 700), 585, 585, (807, 1285)]]
T[BLANK, R[(0, 700), 222, 585, (222, 1285)]]
T[BLANK, R[(807, 1284), 588, 1, (1395, 1285)]]
T[BLANK, R[(0, 150), 153, 550, (153, 700)]]
Neo check result: N-Pass
Traditional check result: PASS
printing visualize to -> ./outputs/case06/case06-output-5.txt
Insert Tile No. 6	T[BLOCK, R[(1643, 1764), 589, 581, (2232, 2345)]]
allTilesArr: 
T[BLOCK, R[(1673, 5), 588, 582, (2261, 587)]]
T[BLANK, R[(2261, 5), 1, 582, (2262, 587)]]
T[BLANK, R[(0, 0), 2262, 5, (2262, 5)]]
T[BLANK, R[(2844, 0), 156, 588, (3000, 588)]]
T[BLANK, R[(775, 587), 1487, 1, (2262, 588)]]
T[BLANK, R[(775, 150), 898, 437, (1673, 587)]]
T[BLANK, R[(0, 5), 1673, 145, (1673, 150)]]
T[BLANK, R[(0, 700), 222, 585, (222, 1285)]]
T[BLANK, R[(775, 699), 620, 1, (1395, 700)]]
T[BLANK, R[(807, 700), 588, 1, (1395, 701)]]
T[BLOCK, R[(808, 701), 587, 583, (1395, 1284)]]
T[BLOCK, R[(1643, 1764), 589, 581, (2232, 2345)]]
T[BLANK, R[(0, 2345), 3000, 355, (3000, 2700)]]
T[BLANK, R[(0, 1286), 3000, 478, (3000, 1764)]]
T[BLOCK, R[(1395, 699), 583, 587, (1978, 1286)]]
T[BLOCK, R[(2262, 0), 582, 588, (2844, 588)]]
T[BLANK, R[(2232, 1764), 768, 581, (3000, 2345)]]
T[BLANK, R[(0, 1285), 1395, 1, (1395, 1286)]]
T[BLANK, R[(1978, 699), 1022, 587, (3000, 1286)]]
T[BLANK, R[(807, 701), 1, 583, (808, 1284)]]
T[BLANK, R[(775, 588), 2225, 111, (3000, 699)]]
T[BLANK, R[(0, 1764), 1643, 581, (1643, 2345)]]
T[BLOCK, R[(153, 150), 622, 550, (775, 700)]]
T[BLANK, R[(0, 150), 153, 550, (153, 700)]]
T[BLANK, R[(807, 1284), 588, 1, (1395, 1285)]]
T[BLOCK, R[(222, 700), 585, 585, (807, 1285)]]
Neo check result: N-Pass
Traditional check result: PASS
printing visualize to -> ./outputs/case06/case06-output-6.txt
Insert Tile No. 7	T[BLOCK, R[(2232, 1404), 581, 589, (2813, 1993)]]
allTilesArr: 
T[BLOCK, R[(1673, 5), 588, 582, (2261, 587)]]
T[BLANK, R[(2261, 5), 1, 582, (2262, 587)]]
T[BLANK, R[(0, 0), 2262, 5, (2262, 5)]]
T[BLANK, R[(2844, 0), 156, 588, (3000, 588)]]
T[BLANK, R[(775, 587), 1487, 1, (2262, 588)]]
T[BLANK, R[(775, 150), 898, 437, (1673, 587)]]
T[BLANK, R[(0, 5), 1673, 145, (1673, 150)]]
T[BLANK, R[(0, 700), 222, 585, (222, 1285)]]
T[BLANK, R[(775, 699), 620, 1, (1395, 700)]]
T[BLANK, R[(807, 700), 588, 1, (1395, 701)]]
T[BLOCK, R[(808, 701), 587, 583, (1395, 1284)]]
T[BLANK, R[(807, 701), 1, 583, (808, 1284)]]
T[BLANK, R[(0, 150), 153, 550, (153, 700)]]
T[BLANK, R[(807, 1284), 588, 1, (1395, 1285)]]
T[BLOCK, R[(222, 700), 585, 585, (807, 1285)]]
T[BLOCK, R[(2232, 1404), 581, 589, (2813, 1993)]]
T[BLOCK, R[(2262, 0), 582, 588, (2844, 588)]]
T[BLANK, R[(2232, 1993), 768, 352, (3000, 2345)]]
T[BLANK, R[(0, 2345), 3000, 355, (3000, 2700)]]
T[BLANK, R[(0, 1286), 3000, 118, (3000, 1404)]]
T[BLOCK, R[(1643, 1764), 589, 581, (2232, 2345)]]
T[BLANK, R[(0, 1404), 2232, 360, (2232, 1764)]]
T[BLANK, R[(0, 1285), 1395, 1, (1395, 1286)]]
T[BLANK, R[(2813, 1404), 187, 589, (3000, 1993)]]
T[BLOCK, R[(1395, 699), 583, 587, (1978, 1286)]]
T[BLANK, R[(1978, 699), 1022, 587, (3000, 1286)]]
T[BLANK, R[(775, 588), 2225, 111, (3000, 699)]]
T[BLANK, R[(0, 1764), 1643, 581, (1643, 2345)]]
T[BLOCK, R[(153, 150), 622, 550, (775, 700)]]
Neo check result: N-Pass
Traditional check result: PASS
printing visualize to -> ./outputs/case06/case06-output-7.txt
Insert Tile No. 8	T[BLOCK, R[(2232, 1993), 614, 557, (2846, 2550)]]
allTilesArr: 
T[BLOCK, R[(1673, 5), 588, 582, (2261, 587)]]
T[BLANK, R[(2261, 5), 1, 582, (2262, 587)]]
T[BLANK, R[(1978, 699), 1022, 587, (3000, 1286)]]
T[BLANK, R[(0, 2345), 2232, 205, (2232, 2550)]]
T[BLANK, R[(0, 1404), 2232, 360, (2232, 1764)]]
T[BLANK, R[(2846, 1993), 154, 557, (3000, 2550)]]
T[BLANK, R[(0, 150), 153, 550, (153, 700)]]
T[BLANK, R[(2813, 1404), 187, 589, (3000, 1993)]]
T[BLOCK, R[(2232, 1404), 581, 589, (2813, 1993)]]
T[BLOCK, R[(1643, 1764), 589, 581, (2232, 2345)]]
T[BLANK, R[(0, 1764), 1643, 581, (1643, 2345)]]
T[BLOCK, R[(153, 150), 622, 550, (775, 700)]]
T[BLANK, R[(0, 2550), 3000, 150, (3000, 2700)]]
T[BLOCK, R[(2232, 1993), 614, 557, (2846, 2550)]]
T[BLANK, R[(775, 588), 2225, 111, (3000, 699)]]
T[BLOCK, R[(222, 700), 585, 585, (807, 1285)]]
T[BLANK, R[(807, 1284), 588, 1, (1395, 1285)]]
T[BLOCK, R[(808, 701), 587, 583, (1395, 1284)]]
T[BLANK, R[(0, 1285), 1395, 1, (1395, 1286)]]
T[BLANK, R[(807, 700), 588, 1, (1395, 701)]]
T[BLANK, R[(0, 1286), 3000, 118, (3000, 1404)]]
T[BLANK, R[(775, 699), 620, 1, (1395, 700)]]
T[BLOCK, R[(1395, 699), 583, 587, (1978, 1286)]]
T[BLANK, R[(0, 700), 222, 585, (222, 1285)]]
T[BLANK, R[(0, 5), 1673, 145, (1673, 150)]]
T[BLANK, R[(807, 701), 1, 583, (808, 1284)]]
T[BLANK, R[(775, 150), 898, 437, (1673, 587)]]
T[BLANK, R[(775, 587), 1487, 1, (2262, 588)]]
T[BLOCK, R[(2262, 0), 582, 588, (2844, 588)]]
T[BLANK, R[(2844, 0), 156, 588, (3000, 588)]]
T[BLANK, R[(0, 0), 2262, 5, (2262, 5)]]
Neo check result: N-Pass
Traditional check result: PASS
printing visualize to -> ./outputs/case06/case06-output-8.txt
Insert Tile No. 9	T[BLOCK, R[(150, 1285), 815, 816, (965, 2101)]]
allTilesArr: 
T[BLANK, R[(0, 1285), 150, 816, (150, 2101)]]
T[BLOCK, R[(1673, 5), 588, 582, (2261, 587)]]
T[BLANK, R[(2261, 5), 1, 582, (2262, 587)]]
T[BLANK, R[(0, 0), 2262, 5, (2262, 5)]]
T[BLANK, R[(2844, 0), 156, 588, (3000, 588)]]
T[BLANK, R[(965, 1285), 430, 1, (1395, 1286)]]
T[BLOCK, R[(2262, 0), 582, 588, (2844, 588)]]
T[BLANK, R[(965, 1764), 678, 337, (1643, 2101)]]
T[BLANK, R[(965, 1286), 2035, 118, (3000, 1404)]]
T[BLOCK, R[(1643, 1764), 589, 581, (2232, 2345)]]
T[BLOCK, R[(2232, 1404), 581, 589, (2813, 1993)]]
T[BLANK, R[(2813, 1404), 187, 589, (3000, 1993)]]
T[BLANK, R[(0, 700), 222, 585, (222, 1285)]]
T[BLOCK, R[(1395, 699), 583, 587, (1978, 1286)]]
T[BLANK, R[(2846, 1993), 154, 557, (3000, 2550)]]
T[BLANK, R[(0, 150), 153, 550, (153, 700)]]
T[BLOCK, R[(2232, 1993), 614, 557, (2846, 2550)]]
T[BLANK, R[(0, 2550), 3000, 150, (3000, 2700)]]
T[BLANK, R[(965, 1404), 1267, 360, (2232, 1764)]]
T[BLOCK, R[(222, 700), 585, 585, (807, 1285)]]
T[BLANK, R[(0, 2101), 1643, 244, (1643, 2345)]]
T[BLOCK, R[(153, 150), 622, 550, (775, 700)]]
T[BLANK, R[(0, 2345), 2232, 205, (2232, 2550)]]
T[BLANK, R[(1978, 699), 1022, 587, (3000, 1286)]]
T[BLOCK, R[(150, 1285), 815, 816, (965, 2101)]]
T[BLANK, R[(775, 588), 2225, 111, (3000, 699)]]
T[BLANK, R[(807, 1284), 588, 1, (1395, 1285)]]
T[BLOCK, R[(808, 701), 587, 583, (1395, 1284)]]
T[BLANK, R[(807, 700), 588, 1, (1395, 701)]]
T[BLANK, R[(775, 699), 620, 1, (1395, 700)]]
T[BLANK, R[(0, 5), 1673, 145, (1673, 150)]]
T[BLANK, R[(807, 701), 1, 583, (808, 1284)]]
T[BLANK, R[(775, 150), 898, 437, (1673, 587)]]
T[BLANK, R[(775, 587), 1487, 1, (2262, 588)]]
Neo check result: N-Pass
Traditional check result: PASS
printing visualize to -> ./outputs/case06/case06-output-9.txt
Insert Tile No. 10	T[BLOCK, R[(2034, 588), 815, 816, (2849, 1404)]]
allTilesArr: 
T[BLANK, R[(0, 1285), 150, 816, (150, 2101)]]
T[BLOCK, R[(1673, 5), 588, 582, (2261, 587)]]
T[BLANK, R[(0, 5), 1673, 145, (1673, 150)]]
T[BLANK, R[(0, 150), 153, 550, (153, 700)]]
T[BLANK, R[(775, 150), 898, 437, (1673, 587)]]
T[BLANK, R[(807, 701), 1, 583, (808, 1284)]]
T[BLOCK, R[(2034, 588), 815, 816, (2849, 1404)]]
T[BLANK, R[(965, 1764), 678, 337, (1643, 2101)]]
T[BLOCK, R[(1643, 1764), 589, 581, (2232, 2345)]]
T[BLOCK, R[(2232, 1404), 581, 589, (2813, 1993)]]
T[BLANK, R[(2813, 1404), 187, 589, (3000, 1993)]]
T[BLANK, R[(0, 700), 222, 585, (222, 1285)]]
T[BLOCK, R[(1395, 699), 583, 587, (1978, 1286)]]
T[BLANK, R[(2846, 1993), 154, 557, (3000, 2550)]]
T[BLOCK, R[(2232, 1993), 614, 557, (2846, 2550)]]
T[BLANK, R[(0, 2550), 3000, 150, (3000, 2700)]]
T[BLANK, R[(965, 1404), 1267, 360, (2232, 1764)]]
T[BLOCK, R[(222, 700), 585, 585, (807, 1285)]]
T[BLANK, R[(0, 2101), 1643, 244, (1643, 2345)]]
T[BLANK, R[(0, 2345), 2232, 205, (2232, 2550)]]
T[BLOCK, R[(150, 1285), 815, 816, (965, 2101)]]
T[BLANK, R[(2844, 0), 156, 588, (3000, 588)]]
T[BLANK, R[(775, 588), 1259, 111, (2034, 699)]]
T[BLOCK, R[(2262, 0), 582, 588, (2844, 588)]]
T[BLANK, R[(965, 1285), 430, 1, (1395, 1286)]]
T[BLANK, R[(0, 0), 2262, 5, (2262, 5)]]
T[BLANK, R[(2261, 5), 1, 582, (2262, 587)]]
T[BLANK, R[(775, 587), 1487, 1, (2262, 588)]]
T[BLOCK, R[(153, 150), 622, 550, (775, 700)]]
T[BLANK, R[(1978, 699), 56, 587, (2034, 1286)]]
T[BLANK, R[(965, 1286), 1069, 118, (2034, 1404)]]
T[BLANK, R[(807, 700), 588, 1, (1395, 701)]]
T[BLANK, R[(2849, 588), 151, 816, (3000, 1404)]]
T[BLANK, R[(775, 699), 620, 1, (1395, 700)]]
T[BLANK, R[(807, 1284), 588, 1, (1395, 1285)]]
T[BLOCK, R[(808, 701), 587, 583, (1395, 1284)]]
Neo check result: N-Pass
Traditional check result: PASS
printing visualize to -> ./outputs/case06/case06-output-10.txt
Insert Tile No. 11	T[BLOCK, R[(1235, 1286), 478, 478, (1713, 1764)]]
allTilesArr: 
T[BLANK, R[(0, 1285), 150, 816, (150, 2101)]]
T[BLOCK, R[(1673, 5), 588, 582, (2261, 587)]]
T[BLANK, R[(0, 5), 1673, 145, (1673, 150)]]
T[BLANK, R[(0, 150), 153, 550, (153, 700)]]
T[BLANK, R[(0, 2345), 2232, 205, (2232, 2550)]]
T[BLANK, R[(965, 1286), 270, 478, (1235, 1764)]]
T[BLANK, R[(965, 1764), 678, 337, (1643, 2101)]]
T[BLANK, R[(775, 699), 620, 1, (1395, 700)]]
T[BLANK, R[(2849, 588), 151, 816, (3000, 1404)]]
T[BLOCK, R[(1643, 1764), 589, 581, (2232, 2345)]]
T[BLANK, R[(1713, 1404), 519, 360, (2232, 1764)]]
T[BLOCK, R[(2232, 1404), 581, 589, (2813, 1993)]]
T[BLANK, R[(2813, 1404), 187, 589, (3000, 1993)]]
T[BLANK, R[(0, 700), 222, 585, (222, 1285)]]
T[BLOCK, R[(1395, 699), 583, 587, (1978, 1286)]]
T[BLANK, R[(2846, 1993), 154, 557, (3000, 2550)]]
T[BLOCK, R[(2232, 1993), 614, 557, (2846, 2550)]]
T[BLANK, R[(0, 2550), 3000, 150, (3000, 2700)]]
T[BLANK, R[(0, 2101), 1643, 244, (1643, 2345)]]
T[BLANK, R[(1978, 699), 56, 587, (2034, 1286)]]
T[BLOCK, R[(153, 150), 622, 550, (775, 700)]]
T[BLOCK, R[(1235, 1286), 478, 478, (1713, 1764)]]
T[BLOCK, R[(150, 1285), 815, 816, (965, 2101)]]
T[BLANK, R[(965, 1285), 430, 1, (1395, 1286)]]
T[BLANK, R[(775, 588), 1259, 111, (2034, 699)]]
T[BLOCK, R[(2262, 0), 582, 588, (2844, 588)]]
T[BLANK, R[(1713, 1286), 321, 118, (2034, 1404)]]
T[BLANK, R[(775, 150), 898, 437, (1673, 587)]]
T[BLANK, R[(807, 701), 1, 583, (808, 1284)]]
T[BLOCK, R[(2034, 588), 815, 816, (2849, 1404)]]
T[BLANK, R[(2844, 0), 156, 588, (3000, 588)]]
T[BLANK, R[(0, 0), 2262, 5, (2262, 5)]]
T[BLANK, R[(2261, 5), 1, 582, (2262, 587)]]
T[BLANK, R[(775, 587), 1487, 1, (2262, 588)]]
T[BLOCK, R[(222, 700), 585, 585, (807, 1285)]]
T[BLANK, R[(807, 1284), 588, 1, (1395, 1285)]]
T[BLOCK, R[(808, 701), 587, 583, (1395, 1284)]]
T[BLANK, R[(807, 700), 588, 1, (1395, 701)]]
Neo check result: N-Pass
Traditional check result: PASS
printing visualize to -> ./outputs/case06/case06-output-11.txt
Insert Tile No. 12	T[BLOCK, R[(631, 2333), 245, 217, (876, 2550)]]
allTilesArr: 
T[BLOCK, R[(1673, 5), 588, 582, (2261, 587)]]
T[BLANK, R[(0, 150), 153, 550, (153, 700)]]
T[BLANK, R[(775, 150), 898, 437, (1673, 587)]]
T[BLANK, R[(807, 701), 1, 583, (808, 1284)]]
T[BLANK, R[(1978, 699), 56, 587, (2034, 1286)]]
T[BLOCK, R[(153, 150), 622, 550, (775, 700)]]
T[BLANK, R[(775, 587), 1487, 1, (2262, 588)]]
T[BLOCK, R[(1643, 1764), 589, 581, (2232, 2345)]]
T[BLANK, R[(1713, 1404), 519, 360, (2232, 1764)]]
T[BLOCK, R[(2232, 1404), 581, 589, (2813, 1993)]]
T[BLANK, R[(2813, 1404), 187, 589, (3000, 1993)]]
T[BLANK, R[(0, 700), 222, 585, (222, 1285)]]
T[BLOCK, R[(1395, 699), 583, 587, (1978, 1286)]]
T[BLANK, R[(876, 2345), 1356, 205, (2232, 2550)]]
T[BLANK, R[(876, 2333), 767, 12, (1643, 2345)]]
T[BLOCK, R[(2232, 1993), 614, 557, (2846, 2550)]]
T[BLANK, R[(0, 2550), 3000, 150, (3000, 2700)]]
T[BLANK, R[(0, 2101), 1643, 232, (1643, 2333)]]
T[BLANK, R[(0, 5), 1673, 145, (1673, 150)]]
T[BLANK, R[(0, 2333), 631, 217, (631, 2550)]]
T[BLANK, R[(965, 1764), 678, 337, (1643, 2101)]]
T[BLANK, R[(775, 699), 620, 1, (1395, 700)]]
T[BLANK, R[(2849, 588), 151, 816, (3000, 1404)]]
T[BLANK, R[(2846, 1993), 154, 557, (3000, 2550)]]
T[BLOCK, R[(808, 701), 587, 583, (1395, 1284)]]
T[BLANK, R[(807, 1284), 588, 1, (1395, 1285)]]
T[BLANK, R[(807, 700), 588, 1, (1395, 701)]]
T[BLOCK, R[(631, 2333), 245, 217, (876, 2550)]]
T[BLOCK, R[(2034, 588), 815, 816, (2849, 1404)]]
T[BLANK, R[(0, 1285), 150, 816, (150, 2101)]]
T[BLOCK, R[(222, 700), 585, 585, (807, 1285)]]
T[BLANK, R[(965, 1285), 430, 1, (1395, 1286)]]
T[BLANK, R[(775, 588), 1259, 111, (2034, 699)]]
T[BLOCK, R[(2262, 0), 582, 588, (2844, 588)]]
T[BLOCK, R[(150, 1285), 815, 816, (965, 2101)]]
T[BLOCK, R[(1235, 1286), 478, 478, (1713, 1764)]]
T[BLANK, R[(965, 1286), 270, 478, (1235, 1764)]]
T[BLANK, R[(1713, 1286), 321, 118, (2034, 1404)]]
T[BLANK, R[(2844, 0), 156, 588, (3000, 588)]]
T[BLANK, R[(0, 0), 2262, 5, (2262, 5)]]
T[BLANK, R[(2261, 5), 1, 582, (2262, 587)]]
Neo check result: N-Pass
Traditional check result: PASS
printing visualize to -> ./outputs/case06/case06-output-12.txt
Insert Tile No. 13	T[BLOCK, R[(616, 2101), 230, 232, (846, 2333)]]
allTilesArr: 
T[BLOCK, R[(1673, 5), 588, 582, (2261, 587)]]
T[BLANK, R[(0, 150), 153, 550, (153, 700)]]
T[BLANK, R[(775, 150), 898, 437, (1673, 587)]]
T[BLANK, R[(807, 701), 1, 583, (808, 1284)]]
T[BLOCK, R[(808, 701), 587, 583, (1395, 1284)]]
T[BLANK, R[(807, 1284), 588, 1, (1395, 1285)]]
T[BLOCK, R[(222, 700), 585, 585, (807, 1285)]]
T[BLANK, R[(1978, 699), 56, 587, (2034, 1286)]]
T[BLOCK, R[(153, 150), 622, 550, (775, 700)]]
T[BLOCK, R[(2232, 1993), 614, 557, (2846, 2550)]]
T[BLANK, R[(0, 2550), 3000, 150, (3000, 2700)]]
T[BLANK, R[(2813, 1404), 187, 589, (3000, 1993)]]
T[BLANK, R[(0, 700), 222, 585, (222, 1285)]]
T[BLOCK, R[(1395, 699), 583, 587, (1978, 1286)]]
T[BLANK, R[(876, 2345), 1356, 205, (2232, 2550)]]
T[BLANK, R[(876, 2333), 767, 12, (1643, 2345)]]
T[BLANK, R[(0, 1285), 150, 816, (150, 2101)]]
T[BLANK, R[(0, 2101), 616, 232, (616, 2333)]]
T[BLANK, R[(0, 5), 1673, 145, (1673, 150)]]
T[BLANK, R[(0, 2333), 631, 217, (631, 2550)]]
T[BLANK, R[(2846, 1993), 154, 557, (3000, 2550)]]
T[BLANK, R[(846, 2101), 797, 232, (1643, 2333)]]
T[BLANK, R[(807, 700), 588, 1, (1395, 701)]]
T[BLOCK, R[(631, 2333), 245, 217, (876, 2550)]]
T[BLOCK, R[(2034, 588), 815, 816, (2849, 1404)]]
T[BLOCK, R[(616, 2101), 230, 232, (846, 2333)]]
T[BLANK, R[(965, 1286), 270, 478, (1235, 1764)]]
T[BLOCK, R[(2232, 1404), 581, 589, (2813, 1993)]]
T[BLANK, R[(1713, 1404), 519, 360, (2232, 1764)]]
T[BLOCK, R[(1643, 1764), 589, 581, (2232, 2345)]]
T[BLANK, R[(965, 1764), 678, 337, (1643, 2101)]]
T[BLANK, R[(775, 699), 620, 1, (1395, 700)]]
T[BLANK, R[(2849, 588), 151, 816, (3000, 1404)]]
T[BLOCK, R[(150, 1285), 815, 816, (965, 2101)]]
T[BLOCK, R[(1235, 1286), 478, 478, (1713, 1764)]]
T[BLANK, R[(965, 1285), 430, 1, (1395, 1286)]]
T[BLANK, R[(775, 588), 1259, 111, (2034, 699)]]
T[BLOCK, R[(2262, 0), 582, 588, (2844, 588)]]
T[BLANK, R[(1713, 1286), 321, 118, (2034, 1404)]]
T[BLANK, R[(2844, 0), 156, 588, (3000, 588)]]
T[BLANK, R[(0, 0), 2262, 5, (2262, 5)]]
T[BLANK, R[(2261, 5), 1, 582, (2262, 587)]]
T[BLANK, R[(775, 587), 1487, 1, (2262, 588)]]
Neo check result: N-Pass
Traditional check result: PASS
printing visualize to -> ./outputs/case06/case06-output-13.txt
Insert Tile No. 14	T[BLOCK, R[(150, 2330), 233, 229, (383, 2559)]]
allTilesArr: 
T[BLOCK, R[(1673, 5), 588, 582, (2261, 587)]]
T[BLANK, R[(0, 150), 153, 550, (153, 700)]]
T[BLANK, R[(775, 150), 898, 437, (1673, 587)]]
T[BLANK, R[(807, 701), 1, 583, (808, 1284)]]
T[BLANK, R[(1978, 699), 56, 587, (2034, 1286)]]
T[BLOCK, R[(153, 150), 622, 550, (775, 700)]]
T[BLANK, R[(775, 587), 1487, 1, (2262, 588)]]
T[BLANK, R[(2261, 5), 1, 582, (2262, 587)]]
T[BLANK, R[(0, 0), 2262, 5, (2262, 5)]]
T[BLANK, R[(775, 588), 1259, 111, (2034, 699)]]
T[BLOCK, R[(2262, 0), 582, 588, (2844, 588)]]
T[BLANK, R[(2844, 0), 156, 588, (3000, 588)]]
T[BLANK, R[(775, 699), 620, 1, (1395, 700)]]
T[BLANK, R[(2849, 588), 151, 816, (3000, 1404)]]
T[BLOCK, R[(2034, 588), 815, 816, (2849, 1404)]]
T[BLOCK, R[(2232, 1404), 581, 589, (2813, 1993)]]
T[BLOCK, R[(2232, 1993), 614, 557, (2846, 2550)]]
T[BLANK, R[(0, 2559), 3000, 141, (3000, 2700)]]
T[BLANK, R[(2813, 1404), 187, 589, (3000, 1993)]]
T[BLANK, R[(0, 2330), 150, 229, (150, 2559)]]
T[BLANK, R[(876, 2345), 1356, 205, (2232, 2550)]]
T[BLANK, R[(2846, 1993), 154, 557, (3000, 2550)]]
T[BLOCK, R[(808, 701), 587, 583, (1395, 1284)]]
T[BLANK, R[(807, 1284), 588, 1, (1395, 1285)]]
T[BLANK, R[(807, 700), 588, 1, (1395, 701)]]
T[BLOCK, R[(631, 2333), 245, 217, (876, 2550)]]
T[BLANK, R[(383, 2550), 2617, 9, (3000, 2559)]]
T[BLANK, R[(0, 5), 1673, 145, (1673, 150)]]
T[BLANK, R[(383, 2333), 248, 217, (631, 2550)]]
T[BLANK, R[(383, 2330), 233, 3, (616, 2333)]]
T[BLANK, R[(876, 2333), 767, 12, (1643, 2345)]]
T[BLANK, R[(1713, 1404), 519, 360, (2232, 1764)]]
T[BLOCK, R[(1395, 699), 583, 587, (1978, 1286)]]
T[BLANK, R[(0, 700), 222, 585, (222, 1285)]]
T[BLOCK, R[(1643, 1764), 589, 581, (2232, 2345)]]
T[BLANK, R[(965, 1764), 678, 337, (1643, 2101)]]
T[BLANK, R[(846, 2101), 797, 232, (1643, 2333)]]
T[BLOCK, R[(150, 2330), 233, 229, (383, 2559)]]
T[BLOCK, R[(616, 2101), 230, 232, (846, 2333)]]
T[BLANK, R[(965, 1286), 270, 478, (1235, 1764)]]
T[BLANK, R[(0, 1285), 150, 816, (150, 2101)]]
T[BLOCK, R[(222, 700), 585, 585, (807, 1285)]]
T[BLANK, R[(965, 1285), 430, 1, (1395, 1286)]]
T[BLANK, R[(0, 2101), 616, 229, (616, 2330)]]
T[BLOCK, R[(150, 1285), 815, 816, (965, 2101)]]
T[BLOCK, R[(1235, 1286), 478, 478, (1713, 1764)]]
T[BLANK, R[(1713, 1286), 321, 118, (2034, 1404)]]
Neo check result: N-Pass
Traditional check result: PASS
printing visualize to -> ./outputs/case06/case06-output-14.txt
Insert Tile No. 15	T[BLOCK, R[(383, 2335), 248, 215, (631, 2550)]]
allTilesArr: 
T[BLOCK, R[(1673, 5), 588, 582, (2261, 587)]]
T[BLANK, R[(0, 150), 153, 550, (153, 700)]]
T[BLANK, R[(775, 150), 898, 437, (1673, 587)]]
T[BLANK, R[(807, 701), 1, 583, (808, 1284)]]
T[BLANK, R[(1978, 699), 56, 587, (2034, 1286)]]
T[BLOCK, R[(153, 150), 622, 550, (775, 700)]]
T[BLANK, R[(775, 587), 1487, 1, (2262, 588)]]
T[BLANK, R[(2261, 5), 1, 582, (2262, 587)]]
T[BLANK, R[(0, 0), 2262, 5, (2262, 5)]]
T[BLANK, R[(775, 588), 1259, 111, (2034, 699)]]
T[BLOCK, R[(2262, 0), 582, 588, (2844, 588)]]
T[BLANK, R[(2844, 0), 156, 588, (3000, 588)]]
T[BLANK, R[(775, 699), 620, 1, (1395, 700)]]
T[BLANK, R[(2849, 588), 151, 816, (3000, 1404)]]
T[BLOCK, R[(2034, 588), 815, 816, (2849, 1404)]]
T[BLANK, R[(1713, 1286), 321, 118, (2034, 1404)]]
T[BLOCK, R[(2232, 1993), 614, 557, (2846, 2550)]]
T[BLANK, R[(0, 2559), 3000, 141, (3000, 2700)]]
T[BLANK, R[(2813, 1404), 187, 589, (3000, 1993)]]
T[BLANK, R[(0, 2330), 150, 229, (150, 2559)]]
T[BLANK, R[(876, 2345), 1356, 205, (2232, 2550)]]
T[BLANK, R[(2846, 1993), 154, 557, (3000, 2550)]]
T[BLOCK, R[(808, 701), 587, 583, (1395, 1284)]]
T[BLANK, R[(807, 1284), 588, 1, (1395, 1285)]]
T[BLANK, R[(807, 700), 588, 1, (1395, 701)]]
T[BLOCK, R[(631, 2333), 245, 217, (876, 2550)]]
T[BLANK, R[(383, 2550), 2617, 9, (3000, 2559)]]
T[BLOCK, R[(383, 2335), 248, 215, (631, 2550)]]
T[BLANK, R[(383, 2333), 248, 2, (631, 2335)]]
T[BLANK, R[(0, 5), 1673, 145, (1673, 150)]]
T[BLANK, R[(383, 2330), 233, 3, (616, 2333)]]
T[BLANK, R[(876, 2333), 767, 12, (1643, 2345)]]
T[BLOCK, R[(2232, 1404), 581, 589, (2813, 1993)]]
T[BLANK, R[(1713, 1404), 519, 360, (2232, 1764)]]
T[BLOCK, R[(1395, 699), 583, 587, (1978, 1286)]]
T[BLANK, R[(0, 700), 222, 585, (222, 1285)]]
T[BLOCK, R[(1643, 1764), 589, 581, (2232, 2345)]]
T[BLANK, R[(965, 1764), 678, 337, (1643, 2101)]]
T[BLANK, R[(846, 2101), 797, 232, (1643, 2333)]]
T[BLOCK, R[(150, 2330), 233, 229, (383, 2559)]]
T[BLOCK, R[(616, 2101), 230, 232, (846, 2333)]]
T[BLANK, R[(965, 1286), 270, 478, (1235, 1764)]]
T[BLOCK, R[(1235, 1286), 478, 478, (1713, 1764)]]
T[BLANK, R[(0, 2101), 616, 229, (616, 2330)]]
T[BLOCK, R[(150, 1285), 815, 816, (965, 2101)]]
T[BLANK, R[(0, 1285), 150, 816, (150, 2101)]]
T[BLOCK, R[(222, 700), 585, 585, (807, 1285)]]
T[BLANK, R[(965, 1285), 430, 1, (1395, 1286)]]
Neo check result: N-Pass
Traditional check result: PASS
printing visualize to -> ./outputs/case06/case06-output-15.txt
Insert Tile No. 16	T[BLOCK, R[(150, 2102), 234, 228, (384, 2330)]]
allTilesArr: 
T[BLOCK, R[(1673, 5), 588, 582, (2261, 587)]]
T[BLANK, R[(0, 150), 153, 550, (153, 700)]]
T[BLANK, R[(775, 150), 898, 437, (1673, 587)]]
T[BLANK, R[(807, 701), 1, 583, (808, 1284)]]
T[BLANK, R[(1978, 699), 56, 587, (2034, 1286)]]
T[BLOCK, R[(153, 150), 622, 550, (775, 700)]]
T[BLANK, R[(775, 587), 1487, 1, (2262, 588)]]
T[BLANK, R[(2261, 5), 1, 582, (2262, 587)]]
T[BLANK, R[(0, 0), 2262, 5, (2262, 5)]]
T[BLANK, R[(775, 588), 1259, 111, (2034, 699)]]
T[BLOCK, R[(2262, 0), 582, 588, (2844, 588)]]
T[BLANK, R[(775, 699), 620, 1, (1395, 700)]]
T[BLANK, R[(2849, 588), 151, 816, (3000, 1404)]]
T[BLOCK, R[(2034, 588), 815, 816, (2849, 1404)]]
T[BLANK, R[(1713, 1286), 321, 118, (2034, 1404)]]
T[BLANK, R[(965, 1286), 270, 478, (1235, 1764)]]
T[BLANK, R[(876, 2345), 1356, 205, (2232, 2550)]]
T[BLANK, R[(807, 700), 588, 1, (1395, 701)]]
T[BLOCK, R[(631, 2333), 245, 217, (876, 2550)]]
T[BLANK, R[(383, 2550), 2617, 9, (3000, 2559)]]
T[BLOCK, R[(616, 2101), 230, 232, (846, 2333)]]
T[BLOCK, R[(150, 2330), 233, 229, (383, 2559)]]
T[BLANK, R[(0, 2102), 150, 457, (150, 2559)]]
T[BLANK, R[(2813, 1404), 187, 589, (3000, 1993)]]
T[BLANK, R[(2846, 1993), 154, 557, (3000, 2550)]]
T[BLOCK, R[(808, 701), 587, 583, (1395, 1284)]]
T[BLANK, R[(807, 1284), 588, 1, (1395, 1285)]]
T[BLOCK, R[(2232, 1993), 614, 557, (2846, 2550)]]
T[BLANK, R[(2844, 0), 156, 588, (3000, 588)]]
T[BLANK, R[(384, 2102), 232, 228, (616, 2330)]]
T[BLANK, R[(965, 1764), 678, 337, (1643, 2101)]]
T[BLOCK, R[(383, 2335), 248, 215, (631, 2550)]]
T[BLANK, R[(383, 2333), 248, 2, (631, 2335)]]
T[BLANK, R[(0, 5), 1673, 145, (1673, 150)]]
T[BLANK, R[(0, 2101), 616, 1, (616, 2102)]]
T[BLANK, R[(383, 2330), 233, 3, (616, 2333)]]
T[BLANK, R[(0, 2559), 3000, 141, (3000, 2700)]]
T[BLOCK, R[(150, 2102), 234, 228, (384, 2330)]]
T[BLOCK, R[(2232, 1404), 581, 589, (2813, 1993)]]
T[BLANK, R[(1713, 1404), 519, 360, (2232, 1764)]]
T[BLOCK, R[(1395, 699), 583, 587, (1978, 1286)]]
T[BLANK, R[(0, 700), 222, 585, (222, 1285)]]
T[BLOCK, R[(1643, 1764), 589, 581, (2232, 2345)]]
T[BLANK, R[(846, 2101), 797, 232, (1643, 2333)]]
T[BLANK, R[(876, 2333), 767, 12, (1643, 2345)]]
T[BLOCK, R[(1235, 1286), 478, 478, (1713, 1764)]]
T[BLOCK, R[(150, 1285), 815, 816, (965, 2101)]]
T[BLANK, R[(0, 1285), 150, 816, (150, 2101)]]
T[BLOCK, R[(222, 700), 585, 585, (807, 1285)]]
T[BLANK, R[(965, 1285), 430, 1, (1395, 1286)]]
Neo check result: N-Pass
Traditional check result: PASS
printing visualize to -> ./outputs/case06/case06-output-16.txt
Insert Tile No. 17	T[BLOCK, R[(386, 2101), 228, 234, (614, 2335)]]
allTilesArr: 
T[BLOCK, R[(1673, 5), 588, 582, (2261, 587)]]
T[BLANK, R[(0, 150), 153, 550, (153, 700)]]
T[BLANK, R[(775, 150), 898, 437, (1673, 587)]]
T[BLANK, R[(807, 701), 1, 583, (808, 1284)]]
T[BLANK, R[(1978, 699), 56, 587, (2034, 1286)]]
T[BLOCK, R[(153, 150), 622, 550, (775, 700)]]
T[BLANK, R[(775, 588), 1259, 111, (2034, 699)]]
T[BLOCK, R[(2262, 0), 582, 588, (2844, 588)]]
T[BLANK, R[(2844, 0), 156, 588, (3000, 588)]]
T[BLANK, R[(775, 699), 620, 1, (1395, 700)]]
T[BLANK, R[(2849, 588), 151, 816, (3000, 1404)]]
T[BLOCK, R[(2034, 588), 815, 816, (2849, 1404)]]
T[BLANK, R[(1713, 1286), 321, 118, (2034, 1404)]]
T[BLANK, R[(965, 1286), 270, 478, (1235, 1764)]]
T[BLANK, R[(965, 1285), 430, 1, (1395, 1286)]]
T[BLANK, R[(876, 2345), 1356, 205, (2232, 2550)]]
T[BLANK, R[(807, 700), 588, 1, (1395, 701)]]
T[BLOCK, R[(631, 2333), 245, 217, (876, 2550)]]
T[BLANK, R[(383, 2550), 2617, 9, (3000, 2559)]]
T[BLANK, R[(2261, 5), 1, 582, (2262, 587)]]
T[BLANK, R[(614, 2333), 17, 2, (631, 2335)]]
T[BLANK, R[(0, 2102), 150, 457, (150, 2559)]]
T[BLANK, R[(2813, 1404), 187, 589, (3000, 1993)]]
T[BLOCK, R[(2232, 1993), 614, 557, (2846, 2550)]]
T[BLANK, R[(0, 5), 1673, 145, (1673, 150)]]
T[BLANK, R[(0, 2101), 386, 1, (386, 2102)]]
T[BLANK, R[(0, 2559), 3000, 141, (3000, 2700)]]
T[BLOCK, R[(150, 2102), 234, 228, (384, 2330)]]
T[BLOCK, R[(383, 2335), 248, 215, (631, 2550)]]
T[BLANK, R[(775, 587), 1487, 1, (2262, 588)]]
T[BLOCK, R[(386, 2101), 228, 234, (614, 2335)]]
T[BLANK, R[(0, 1285), 150, 816, (150, 2101)]]
T[BLANK, R[(876, 2333), 767, 12, (1643, 2345)]]
T[BLANK, R[(0, 0), 2262, 5, (2262, 5)]]
T[BLANK, R[(384, 2102), 2, 228, (386, 2330)]]
T[BLOCK, R[(222, 700), 585, 585, (807, 1285)]]
T[BLANK, R[(2846, 1993), 154, 557, (3000, 2550)]]
T[BLOCK, R[(808, 701), 587, 583, (1395, 1284)]]
T[BLANK, R[(807, 1284), 588, 1, (1395, 1285)]]
T[BLOCK, R[(2232, 1404), 581, 589, (2813, 1993)]]
T[BLANK, R[(1713, 1404), 519, 360, (2232, 1764)]]
T[BLOCK, R[(1395, 699), 583, 587, (1978, 1286)]]
T[BLANK, R[(0, 700), 222, 585, (222, 1285)]]
T[BLANK, R[(614, 2101), 2, 232, (616, 2333)]]
T[BLOCK, R[(1643, 1764), 589, 581, (2232, 2345)]]
T[BLANK, R[(965, 1764), 678, 337, (1643, 2101)]]
T[BLANK, R[(846, 2101), 797, 232, (1643, 2333)]]
T[BLOCK, R[(150, 2330), 233, 229, (383, 2559)]]
T[BLOCK, R[(616, 2101), 230, 232, (846, 2333)]]
T[BLOCK, R[(1235, 1286), 478, 478, (1713, 1764)]]
T[BLANK, R[(383, 2330), 3, 5, (386, 2335)]]
T[BLOCK, R[(150, 1285), 815, 816, (965, 2101)]]
Neo check result: N-Pass
Traditional check result: PASS
printing visualize to -> ./outputs/case06/case06-output-17.txt
Insert Tile No. 18	T[BLOCK, R[(965, 2226), 338, 338, (1303, 2564)]]
allTilesArr: 
T[BLANK, R[(0, 2102), 150, 457, (150, 2559)]]
T[BLOCK, R[(1673, 5), 588, 582, (2261, 587)]]
T[BLANK, R[(0, 150), 153, 550, (153, 700)]]
T[BLANK, R[(775, 150), 898, 437, (1673, 587)]]
T[BLANK, R[(807, 701), 1, 583, (808, 1284)]]
T[BLANK, R[(775, 699), 620, 1, (1395, 700)]]
T[BLANK, R[(2849, 588), 151, 816, (3000, 1404)]]
T[BLOCK, R[(2034, 588), 815, 816, (2849, 1404)]]
T[BLANK, R[(1713, 1286), 321, 118, (2034, 1404)]]
T[BLANK, R[(965, 1286), 270, 478, (1235, 1764)]]
T[BLOCK, R[(808, 701), 587, 583, (1395, 1284)]]
T[BLANK, R[(807, 1284), 588, 1, (1395, 1285)]]
T[BLOCK, R[(222, 700), 585, 585, (807, 1285)]]
T[BLANK, R[(2846, 1993), 154, 557, (3000, 2550)]]
T[BLOCK, R[(2232, 1404), 581, 589, (2813, 1993)]]
T[BLANK, R[(1978, 699), 56, 587, (2034, 1286)]]
T[BLOCK, R[(153, 150), 622, 550, (775, 700)]]
T[BLANK, R[(1303, 2345), 929, 205, (2232, 2550)]]
T[BLANK, R[(0, 5), 1673, 145, (1673, 150)]]
T[BLANK, R[(0, 2101), 386, 1, (386, 2102)]]
T[BLANK, R[(2813, 1404), 187, 589, (3000, 1993)]]
T[BLOCK, R[(150, 2102), 234, 228, (384, 2330)]]
T[BLANK, R[(0, 2564), 3000, 136, (3000, 2700)]]
T[BLANK, R[(1303, 2550), 1697, 14, (3000, 2564)]]
T[BLOCK, R[(2232, 1993), 614, 557, (2846, 2550)]]
T[BLANK, R[(775, 588), 1259, 111, (2034, 699)]]
T[BLOCK, R[(2262, 0), 582, 588, (2844, 588)]]
T[BLANK, R[(1303, 2226), 340, 119, (1643, 2345)]]
T[BLANK, R[(965, 1285), 430, 1, (1395, 1286)]]
T[BLANK, R[(0, 2559), 965, 5, (965, 2564)]]
T[BLOCK, R[(965, 2226), 338, 338, (1303, 2564)]]
T[BLOCK, R[(383, 2335), 248, 215, (631, 2550)]]
T[BLOCK, R[(1235, 1286), 478, 478, (1713, 1764)]]
T[BLOCK, R[(150, 1285), 815, 816, (965, 2101)]]
T[BLANK, R[(383, 2330), 3, 5, (386, 2335)]]
T[BLANK, R[(383, 2550), 582, 9, (965, 2559)]]
T[BLANK, R[(1713, 1404), 519, 360, (2232, 1764)]]
T[BLOCK, R[(1395, 699), 583, 587, (1978, 1286)]]
T[BLANK, R[(0, 700), 222, 585, (222, 1285)]]
T[BLANK, R[(614, 2101), 2, 232, (616, 2333)]]
T[BLOCK, R[(1643, 1764), 589, 581, (2232, 2345)]]
T[BLANK, R[(965, 1764), 678, 337, (1643, 2101)]]
T[BLANK, R[(2844, 0), 156, 588, (3000, 588)]]
T[BLANK, R[(876, 2333), 89, 217, (965, 2550)]]
T[BLANK, R[(846, 2101), 797, 125, (1643, 2226)]]
T[BLOCK, R[(150, 2330), 233, 229, (383, 2559)]]
T[BLOCK, R[(616, 2101), 230, 232, (846, 2333)]]
T[BLANK, R[(807, 700), 588, 1, (1395, 701)]]
T[BLOCK, R[(631, 2333), 245, 217, (876, 2550)]]
T[BLANK, R[(846, 2226), 119, 107, (965, 2333)]]
T[BLANK, R[(2261, 5), 1, 582, (2262, 587)]]
T[BLANK, R[(614, 2333), 17, 2, (631, 2335)]]
T[BLANK, R[(775, 587), 1487, 1, (2262, 588)]]
T[BLOCK, R[(386, 2101), 228, 234, (614, 2335)]]
T[BLANK, R[(0, 1285), 150, 816, (150, 2101)]]
T[BLANK, R[(0, 0), 2262, 5, (2262, 5)]]
T[BLANK, R[(384, 2102), 2, 228, (386, 2330)]]
Neo check result: N-Pass
Traditional check result: PASS
printing visualize to -> ./outputs/case06/case06-output-18.txt
Insert Tile No. 19	T[BLOCK, R[(966, 1885), 337, 339, (1303, 2224)]]
allTilesArr: 
T[BLOCK, R[(150, 2102), 234, 228, (384, 2330)]]
T[BLANK, R[(0, 1285), 150, 816, (150, 2101)]]
T[BLOCK, R[(1643, 1764), 589, 581, (2232, 2345)]]
T[BLANK, R[(614, 2101), 2, 232, (616, 2333)]]
T[BLOCK, R[(616, 2101), 230, 232, (846, 2333)]]
T[BLOCK, R[(150, 2330), 233, 229, (383, 2559)]]
T[BLANK, R[(775, 587), 1487, 1, (2262, 588)]]
T[BLANK, R[(614, 2333), 17, 2, (631, 2335)]]
T[BLANK, R[(2261, 5), 1, 582, (2262, 587)]]
T[BLANK, R[(965, 1885), 1, 216, (966, 2101)]]
T[BLANK, R[(846, 2226), 119, 107, (965, 2333)]]
T[BLANK, R[(807, 700), 588, 1, (1395, 701)]]
T[BLANK, R[(965, 1764), 678, 121, (1643, 1885)]]
T[BLOCK, R[(1235, 1286), 478, 478, (1713, 1764)]]
T[BLANK, R[(384, 2102), 2, 228, (386, 2330)]]
T[BLANK, R[(0, 0), 2262, 5, (2262, 5)]]
T[BLOCK, R[(150, 1285), 815, 816, (965, 2101)]]
T[BLANK, R[(846, 2224), 797, 2, (1643, 2226)]]
T[BLANK, R[(1978, 699), 56, 587, (2034, 1286)]]
T[BLANK, R[(0, 5), 1673, 145, (1673, 150)]]
T[BLANK, R[(0, 2564), 3000, 136, (3000, 2700)]]
T[BLANK, R[(1303, 2550), 1697, 14, (3000, 2564)]]
T[BLANK, R[(1303, 2345), 929, 205, (2232, 2550)]]
T[BLOCK, R[(2232, 1993), 614, 557, (2846, 2550)]]
T[BLANK, R[(775, 588), 1259, 111, (2034, 699)]]
T[BLOCK, R[(2262, 0), 582, 588, (2844, 588)]]
T[BLANK, R[(0, 2559), 965, 5, (965, 2564)]]
T[BLANK, R[(876, 2333), 89, 217, (965, 2550)]]
T[BLANK, R[(2844, 0), 156, 588, (3000, 588)]]
T[BLOCK, R[(383, 2335), 248, 215, (631, 2550)]]
T[BLOCK, R[(153, 150), 622, 550, (775, 700)]]
T[BLOCK, R[(965, 2226), 338, 338, (1303, 2564)]]
T[BLANK, R[(965, 1285), 430, 1, (1395, 1286)]]
T[BLANK, R[(383, 2550), 582, 9, (965, 2559)]]
T[BLANK, R[(1713, 1404), 519, 360, (2232, 1764)]]
T[BLANK, R[(1713, 1286), 321, 118, (2034, 1404)]]
T[BLOCK, R[(631, 2333), 245, 217, (876, 2550)]]
T[BLANK, R[(0, 2102), 150, 457, (150, 2559)]]
T[BLANK, R[(2846, 1993), 154, 557, (3000, 2550)]]
T[BLANK, R[(846, 2101), 120, 123, (966, 2224)]]
T[BLANK, R[(2813, 1404), 187, 589, (3000, 1993)]]
T[BLANK, R[(1303, 2226), 340, 119, (1643, 2345)]]
T[BLOCK, R[(2232, 1404), 581, 589, (2813, 1993)]]
T[BLANK, R[(965, 1286), 270, 478, (1235, 1764)]]
T[BLOCK, R[(1395, 699), 583, 587, (1978, 1286)]]
T[BLANK, R[(0, 700), 222, 585, (222, 1285)]]
T[BLANK, R[(383, 2330), 3, 5, (386, 2335)]]
T[BLANK, R[(1303, 1885), 340, 339, (1643, 2224)]]
T[BLOCK, R[(2034, 588), 815, 816, (2849, 1404)]]
T[BLOCK, R[(386, 2101), 228, 234, (614, 2335)]]
T[BLANK, R[(2849, 588), 151, 816, (3000, 1404)]]
T[BLANK, R[(775, 699), 620, 1, (1395, 700)]]
T[BLOCK, R[(222, 700), 585, 585, (807, 1285)]]
T[BLANK, R[(807, 1284), 588, 1, (1395, 1285)]]
T[BLOCK, R[(808, 701), 587, 583, (1395, 1284)]]
T[BLANK, R[(0, 2101), 386, 1, (386, 2102)]]
T[BLANK, R[(807, 701), 1, 583, (808, 1284)]]
T[BLANK, R[(775, 150), 898, 437, (1673, 587)]]
T[BLOCK, R[(966, 1885), 337, 339, (1303, 2224)]]
T[BLANK, R[(0, 150), 153, 550, (153, 700)]]
T[BLOCK, R[(1673, 5), 588, 582, (2261, 587)]]
Neo check result: N-Pass
Traditional check result: PASS
printing visualize to -> ./outputs/case06/case06-output-19.txt
Insert Tile No. 20	T[BLOCK, R[(1303, 1887), 340, 336, (1643, 2223)]]
allTilesArr: 
T[BLOCK, R[(150, 2102), 234, 228, (384, 2330)]]
T[BLANK, R[(0, 1285), 150, 816, (150, 2101)]]
T[BLOCK, R[(1673, 5), 588, 582, (2261, 587)]]
T[BLANK, R[(775, 150), 898, 437, (1673, 587)]]
T[BLOCK, R[(616, 2101), 230, 232, (846, 2333)]]
T[BLOCK, R[(150, 2330), 233, 229, (383, 2559)]]
T[BLANK, R[(614, 2101), 2, 232, (616, 2333)]]
T[BLOCK, R[(1643, 1764), 589, 581, (2232, 2345)]]
T[BLANK, R[(775, 587), 1487, 1, (2262, 588)]]
T[BLANK, R[(614, 2333), 17, 2, (631, 2335)]]
T[BLANK, R[(2261, 5), 1, 582, (2262, 587)]]
T[BLANK, R[(965, 1885), 1, 216, (966, 2101)]]
T[BLANK, R[(846, 2226), 119, 107, (965, 2333)]]
T[BLANK, R[(807, 700), 588, 1, (1395, 701)]]
T[BLANK, R[(965, 1764), 678, 121, (1643, 1885)]]
T[BLOCK, R[(1235, 1286), 478, 478, (1713, 1764)]]
T[BLANK, R[(384, 2102), 2, 228, (386, 2330)]]
T[BLANK, R[(0, 0), 2262, 5, (2262, 5)]]
T[BLOCK, R[(150, 1285), 815, 816, (965, 2101)]]
T[BLANK, R[(846, 2224), 797, 2, (1643, 2226)]]
T[BLANK, R[(1978, 699), 56, 587, (2034, 1286)]]
T[BLANK, R[(0, 5), 1673, 145, (1673, 150)]]
T[BLANK, R[(0, 2564), 3000, 136, (3000, 2700)]]
T[BLANK, R[(1303, 2550), 1697, 14, (3000, 2564)]]
T[BLANK, R[(1303, 2345), 929, 205, (2232, 2550)]]
T[BLOCK, R[(2232, 1993), 614, 557, (2846, 2550)]]
T[BLANK, R[(775, 588), 1259, 111, (2034, 699)]]
T[BLOCK, R[(2262, 0), 582, 588, (2844, 588)]]
T[BLANK, R[(0, 2559), 965, 5, (965, 2564)]]
T[BLANK, R[(1303, 1885), 340, 2, (1643, 1887)]]
T[BLANK, R[(876, 2333), 89, 217, (965, 2550)]]
T[BLANK, R[(2844, 0), 156, 588, (3000, 588)]]
T[BLOCK, R[(383, 2335), 248, 215, (631, 2550)]]
T[BLOCK, R[(153, 150), 622, 550, (775, 700)]]
T[BLOCK, R[(965, 2226), 338, 338, (1303, 2564)]]
T[BLANK, R[(965, 1285), 430, 1, (1395, 1286)]]
T[BLANK, R[(383, 2550), 582, 9, (965, 2559)]]
T[BLANK, R[(1713, 1404), 519, 360, (2232, 1764)]]
T[BLANK, R[(1713, 1286), 321, 118, (2034, 1404)]]
T[BLOCK, R[(631, 2333), 245, 217, (876, 2550)]]
T[BLANK, R[(0, 2102), 150, 457, (150, 2559)]]
T[BLOCK, R[(1303, 1887), 340, 336, (1643, 2223)]]
T[BLANK, R[(2846, 1993), 154, 557, (3000, 2550)]]
T[BLANK, R[(846, 2101), 120, 123, (966, 2224)]]
T[BLANK, R[(2813, 1404), 187, 589, (3000, 1993)]]
T[BLANK, R[(1303, 2226), 340, 119, (1643, 2345)]]
T[BLOCK, R[(2232, 1404), 581, 589, (2813, 1993)]]
T[BLANK, R[(965, 1286), 270, 478, (1235, 1764)]]
T[BLOCK, R[(1395, 699), 583, 587, (1978, 1286)]]
T[BLANK, R[(0, 700), 222, 585, (222, 1285)]]
T[BLANK, R[(383, 2330), 3, 5, (386, 2335)]]
T[BLANK, R[(1303, 2223), 340, 1, (1643, 2224)]]
T[BLOCK, R[(2034, 588), 815, 816, (2849, 1404)]]
T[BLOCK, R[(386, 2101), 228, 234, (614, 2335)]]
T[BLANK, R[(2849, 588), 151, 816, (3000, 1404)]]
T[BLANK, R[(775, 699), 620, 1, (1395, 700)]]
T[BLOCK, R[(222, 700), 585, 585, (807, 1285)]]
T[BLANK, R[(807, 1284), 588, 1, (1395, 1285)]]
T[BLOCK, R[(808, 701), 587, 583, (1395, 1284)]]
T[BLANK, R[(0, 2101), 386, 1, (386, 2102)]]
T[BLANK, R[(807, 701), 1, 583, (808, 1284)]]
T[BLOCK, R[(966, 1885), 337, 339, (1303, 2224)]]
T[BLANK, R[(0, 150), 153, 550, (153, 700)]]
Neo check result: N-Pass
Traditional check result: PASS
printing visualize to -> ./outputs/case06/case06-output-20.txt
Insert Tile No. 21	T[BLOCK, R[(0, 100), 150, 450, (150, 550)]]
allTilesArr: 
T[BLOCK, R[(1673, 5), 588, 582, (2261, 587)]]
T[BLANK, R[(775, 150), 898, 437, (1673, 587)]]
T[BLANK, R[(150, 100), 1523, 50, (1673, 150)]]
T[BLANK, R[(150, 150), 3, 400, (153, 550)]]
T[BLANK, R[(1978, 699), 56, 587, (2034, 1286)]]
T[BLANK, R[(775, 588), 1259, 111, (2034, 699)]]
T[BLOCK, R[(616, 2101), 230, 232, (846, 2333)]]
T[BLOCK, R[(150, 2330), 233, 229, (383, 2559)]]
T[BLANK, R[(614, 2333), 17, 2, (631, 2335)]]
T[BLANK, R[(2261, 5), 1, 582, (2262, 587)]]
T[BLANK, R[(807, 700), 588, 1, (1395, 701)]]
T[BLANK, R[(0, 5), 1673, 95, (1673, 100)]]
T[BLOCK, R[(1235, 1286), 478, 478, (1713, 1764)]]
T[BLANK, R[(384, 2102), 2, 228, (386, 2330)]]
T[BLANK, R[(0, 0), 2262, 5, (2262, 5)]]
T[BLOCK, R[(631, 2333), 245, 217, (876, 2550)]]
T[BLANK, R[(0, 2102), 150, 457, (150, 2559)]]
T[BLOCK, R[(383, 2335), 248, 215, (631, 2550)]]
T[BLANK, R[(1713, 1404), 519, 360, (2232, 1764)]]
T[BLANK, R[(876, 2333), 89, 217, (965, 2550)]]
T[BLANK, R[(2844, 0), 156, 588, (3000, 588)]]
T[BLANK, R[(0, 1285), 150, 816, (150, 2101)]]
T[BLANK, R[(775, 587), 1487, 1, (2262, 588)]]
T[BLOCK, R[(966, 1885), 337, 339, (1303, 2224)]]
T[BLANK, R[(0, 550), 153, 150, (153, 700)]]
T[BLANK, R[(614, 2101), 2, 232, (616, 2333)]]
T[BLOCK, R[(1643, 1764), 589, 581, (2232, 2345)]]
T[BLANK, R[(0, 700), 222, 585, (222, 1285)]]
T[BLOCK, R[(1395, 699), 583, 587, (1978, 1286)]]
T[BLANK, R[(846, 2226), 119, 107, (965, 2333)]]
T[BLANK, R[(965, 1885), 1, 216, (966, 2101)]]
T[BLOCK, R[(150, 2102), 234, 228, (384, 2330)]]
T[BLANK, R[(0, 2564), 3000, 136, (3000, 2700)]]
T[BLANK, R[(1303, 2550), 1697, 14, (3000, 2564)]]
T[BLANK, R[(383, 2550), 582, 9, (965, 2559)]]
T[BLANK, R[(965, 1285), 430, 1, (1395, 1286)]]
T[BLOCK, R[(150, 1285), 815, 816, (965, 2101)]]
T[BLANK, R[(846, 2224), 797, 2, (1643, 2226)]]
T[BLOCK, R[(2232, 1993), 614, 557, (2846, 2550)]]
T[BLANK, R[(1303, 2345), 929, 205, (2232, 2550)]]
T[BLOCK, R[(965, 2226), 338, 338, (1303, 2564)]]
T[BLOCK, R[(153, 150), 622, 550, (775, 700)]]
T[BLANK, R[(0, 2559), 965, 5, (965, 2564)]]
T[BLOCK, R[(2262, 0), 582, 588, (2844, 588)]]
T[BLOCK, R[(1303, 1887), 340, 336, (1643, 2223)]]
T[BLANK, R[(2846, 1993), 154, 557, (3000, 2550)]]
T[BLANK, R[(846, 2101), 120, 123, (966, 2224)]]
T[BLANK, R[(2813, 1404), 187, 589, (3000, 1993)]]
T[BLANK, R[(1303, 2226), 340, 119, (1643, 2345)]]
T[BLOCK, R[(2232, 1404), 581, 589, (2813, 1993)]]
T[BLANK, R[(965, 1764), 678, 121, (1643, 1885)]]
T[BLOCK, R[(0, 100), 150, 450, (150, 550)]]
T[BLANK, R[(1303, 1885), 340, 2, (1643, 1887)]]
T[BLANK, R[(1713, 1286), 321, 118, (2034, 1404)]]
T[BLANK, R[(965, 1286), 270, 478, (1235, 1764)]]
T[BLANK, R[(383, 2330), 3, 5, (386, 2335)]]
T[BLANK, R[(1303, 2223), 340, 1, (1643, 2224)]]
T[BLOCK, R[(2034, 588), 815, 816, (2849, 1404)]]
T[BLOCK, R[(386, 2101), 228, 234, (614, 2335)]]
T[BLANK, R[(2849, 588), 151, 816, (3000, 1404)]]
T[BLANK, R[(775, 699), 620, 1, (1395, 700)]]
T[BLOCK, R[(222, 700), 585, 585, (807, 1285)]]
T[BLANK, R[(807, 1284), 588, 1, (1395, 1285)]]
T[BLOCK, R[(808, 701), 587, 583, (1395, 1284)]]
T[BLANK, R[(0, 2101), 386, 1, (386, 2102)]]
T[BLANK, R[(807, 701), 1, 583, (808, 1284)]]
Neo check result: N-Pass
Traditional check result: PASS
printing visualize to -> ./outputs/case06/case06-output-21.txt
Insert Tile No. 22	T[BLOCK, R[(0, 700), 150, 450, (150, 1150)]]
allTilesArr: 
T[BLOCK, R[(1673, 5), 588, 582, (2261, 587)]]
T[BLANK, R[(775, 150), 898, 437, (1673, 587)]]
T[BLANK, R[(150, 100), 1523, 50, (1673, 150)]]
T[BLANK, R[(150, 150), 3, 400, (153, 550)]]
T[BLANK, R[(1978, 699), 56, 587, (2034, 1286)]]
T[BLANK, R[(775, 588), 1259, 111, (2034, 699)]]
T[BLANK, R[(775, 699), 620, 1, (1395, 700)]]
T[BLOCK, R[(616, 2101), 230, 232, (846, 2333)]]
T[BLOCK, R[(150, 2330), 233, 229, (383, 2559)]]
T[BLANK, R[(614, 2333), 17, 2, (631, 2335)]]
T[BLANK, R[(2261, 5), 1, 582, (2262, 587)]]
T[BLANK, R[(807, 700), 588, 1, (1395, 701)]]
T[BLANK, R[(0, 5), 1673, 95, (1673, 100)]]
T[BLOCK, R[(1235, 1286), 478, 478, (1713, 1764)]]
T[BLOCK, R[(631, 2333), 245, 217, (876, 2550)]]
T[BLANK, R[(0, 2102), 150, 457, (150, 2559)]]
T[BLOCK, R[(383, 2335), 248, 215, (631, 2550)]]
T[BLANK, R[(876, 2333), 89, 217, (965, 2550)]]
T[BLANK, R[(2844, 0), 156, 588, (3000, 588)]]
T[BLANK, R[(846, 2226), 119, 107, (965, 2333)]]
T[BLANK, R[(965, 1885), 1, 216, (966, 2101)]]
T[BLOCK, R[(0, 700), 150, 450, (150, 1150)]]
T[BLANK, R[(0, 1285), 150, 816, (150, 2101)]]
T[BLANK, R[(775, 587), 1487, 1, (2262, 588)]]
T[BLOCK, R[(966, 1885), 337, 339, (1303, 2224)]]
T[BLANK, R[(0, 550), 153, 150, (153, 700)]]
T[BLANK, R[(384, 2102), 2, 228, (386, 2330)]]
T[BLANK, R[(0, 0), 2262, 5, (2262, 5)]]
T[BLANK, R[(1713, 1404), 519, 360, (2232, 1764)]]
T[BLANK, R[(150, 700), 72, 450, (222, 1150)]]
T[BLANK, R[(614, 2101), 2, 232, (616, 2333)]]
T[BLOCK, R[(1643, 1764), 589, 581, (2232, 2345)]]
T[BLANK, R[(0, 1150), 222, 135, (222, 1285)]]
T[BLOCK, R[(1395, 699), 583, 587, (1978, 1286)]]
T[BLOCK, R[(150, 2102), 234, 228, (384, 2330)]]
T[BLANK, R[(0, 2564), 3000, 136, (3000, 2700)]]
T[BLANK, R[(1303, 2550), 1697, 14, (3000, 2564)]]
T[BLANK, R[(383, 2550), 582, 9, (965, 2559)]]
T[BLANK, R[(965, 1285), 430, 1, (1395, 1286)]]
T[BLOCK, R[(150, 1285), 815, 816, (965, 2101)]]
T[BLANK, R[(846, 2224), 797, 2, (1643, 2226)]]
T[BLOCK, R[(2232, 1993), 614, 557, (2846, 2550)]]
T[BLANK, R[(1303, 2345), 929, 205, (2232, 2550)]]
T[BLOCK, R[(965, 2226), 338, 338, (1303, 2564)]]
T[BLOCK, R[(153, 150), 622, 550, (775, 700)]]
T[BLANK, R[(0, 2559), 965, 5, (965, 2564)]]
T[BLOCK, R[(2262, 0), 582, 588, (2844, 588)]]
T[BLOCK, R[(1303, 1887), 340, 336, (1643, 2223)]]
T[BLANK, R[(2846, 1993), 154, 557, (3000, 2550)]]
T[BLANK, R[(846, 2101), 120, 123, (966, 2224)]]
T[BLANK, R[(2813, 1404), 187, 589, (3000, 1993)]]
T[BLANK, R[(1303, 2226), 340, 119, (1643, 2345)]]
T[BLOCK, R[(2232, 1404), 581, 589, (2813, 1993)]]
T[BLANK, R[(965, 1764), 678, 121, (1643, 1885)]]
T[BLOCK, R[(0, 100), 150, 450, (150, 550)]]
T[BLANK, R[(1303, 1885), 340, 2, (1643, 1887)]]
T[BLANK, R[(1713, 1286), 321, 118, (2034, 1404)]]
T[BLANK, R[(965, 1286), 270, 478, (1235, 1764)]]
T[BLANK, R[(383, 2330), 3, 5, (386, 2335)]]
T[BLANK, R[(1303, 2223), 340, 1, (1643, 2224)]]
T[BLOCK, R[(2034, 588), 815, 816, (2849, 1404)]]
T[BLOCK, R[(386, 2101), 228, 234, (614, 2335)]]
T[BLANK, R[(2849, 588), 151, 816, (3000, 1404)]]
T[BLOCK, R[(222, 700), 585, 585, (807, 1285)]]
T[BLANK, R[(807, 1284), 588, 1, (1395, 1285)]]
T[BLOCK, R[(808, 701), 587, 583, (1395, 1284)]]
T[BLANK, R[(0, 2101), 386, 1, (386, 2102)]]
T[BLANK, R[(807, 701), 1, 583, (808, 1284)]]
Neo check result: N-Pass
Traditional check result: PASS
printing visualize to -> ./outputs/case06/case06-output-22.txt
Insert Tile No. 23	T[BLOCK, R[(0, 1150), 150, 450, (150, 1600)]]
allTilesArr: 
T[BLOCK, R[(1673, 5), 588, 582, (2261, 587)]]
T[BLANK, R[(775, 150), 898, 437, (1673, 587)]]
T[BLANK, R[(150, 100), 1523, 50, (1673, 150)]]
T[BLANK, R[(150, 150), 3, 400, (153, 550)]]
T[BLANK, R[(775, 699), 620, 1, (1395, 700)]]
T[BLANK, R[(807, 700), 588, 1, (1395, 701)]]
T[BLOCK, R[(616, 2101), 230, 232, (846, 2333)]]
T[BLOCK, R[(150, 2330), 233, 229, (383, 2559)]]
T[BLANK, R[(1978, 699), 56, 587, (2034, 1286)]]
T[BLOCK, R[(0, 1150), 150, 450, (150, 1600)]]
T[BLANK, R[(614, 2101), 2, 232, (616, 2333)]]
T[BLOCK, R[(1643, 1764), 589, 581, (2232, 2345)]]
T[BLANK, R[(614, 2333), 17, 2, (631, 2335)]]
T[BLANK, R[(2261, 5), 1, 582, (2262, 587)]]
T[BLANK, R[(0, 5), 1673, 95, (1673, 100)]]
T[BLOCK, R[(1235, 1286), 478, 478, (1713, 1764)]]
T[BLANK, R[(384, 2102), 2, 228, (386, 2330)]]
T[BLANK, R[(0, 0), 2262, 5, (2262, 5)]]
T[BLOCK, R[(631, 2333), 245, 217, (876, 2550)]]
T[BLANK, R[(0, 2102), 150, 457, (150, 2559)]]
T[BLOCK, R[(383, 2335), 248, 215, (631, 2550)]]
T[BLANK, R[(1713, 1404), 519, 360, (2232, 1764)]]
T[BLANK, R[(876, 2333), 89, 217, (965, 2550)]]
T[BLANK, R[(2844, 0), 156, 588, (3000, 588)]]
T[BLANK, R[(775, 587), 1487, 1, (2262, 588)]]
T[BLOCK, R[(966, 1885), 337, 339, (1303, 2224)]]
T[BLANK, R[(0, 550), 153, 150, (153, 700)]]
T[BLOCK, R[(150, 2102), 234, 228, (384, 2330)]]
T[BLANK, R[(0, 2564), 3000, 136, (3000, 2700)]]
T[BLANK, R[(1303, 2550), 1697, 14, (3000, 2564)]]
T[BLANK, R[(383, 2550), 582, 9, (965, 2559)]]
T[BLANK, R[(965, 1285), 430, 1, (1395, 1286)]]
T[BLOCK, R[(150, 1285), 815, 816, (965, 2101)]]
T[BLANK, R[(846, 2224), 797, 2, (1643, 2226)]]
T[BLANK, R[(775, 588), 1259, 111, (2034, 699)]]
T[BLANK, R[(150, 700), 72, 585, (222, 1285)]]
T[BLANK, R[(846, 2226), 119, 107, (965, 2333)]]
T[BLANK, R[(965, 1885), 1, 216, (966, 2101)]]
T[BLOCK, R[(2232, 1993), 614, 557, (2846, 2550)]]
T[BLANK, R[(1303, 2345), 929, 205, (2232, 2550)]]
T[BLOCK, R[(965, 2226), 338, 338, (1303, 2564)]]
T[BLOCK, R[(153, 150), 622, 550, (775, 700)]]
T[BLANK, R[(0, 2559), 965, 5, (965, 2564)]]
T[BLOCK, R[(2262, 0), 582, 588, (2844, 588)]]
T[BLANK, R[(0, 1600), 150, 501, (150, 2101)]]
T[BLOCK, R[(0, 700), 150, 450, (150, 1150)]]
T[BLANK, R[(965, 1764), 678, 121, (1643, 1885)]]
T[BLOCK, R[(1303, 1887), 340, 336, (1643, 2223)]]
T[BLANK, R[(2846, 1993), 154, 557, (3000, 2550)]]
T[BLANK, R[(846, 2101), 120, 123, (966, 2224)]]
T[BLANK, R[(2813, 1404), 187, 589, (3000, 1993)]]
T[BLANK, R[(1303, 2226), 340, 119, (1643, 2345)]]
T[BLOCK, R[(2232, 1404), 581, 589, (2813, 1993)]]
T[BLOCK, R[(0, 100), 150, 450, (150, 550)]]
T[BLANK, R[(1303, 1885), 340, 2, (1643, 1887)]]
T[BLANK, R[(1713, 1286), 321, 118, (2034, 1404)]]
T[BLANK, R[(965, 1286), 270, 478, (1235, 1764)]]
T[BLOCK, R[(1395, 699), 583, 587, (1978, 1286)]]
T[BLANK, R[(383, 2330), 3, 5, (386, 2335)]]
T[BLANK, R[(1303, 2223), 340, 1, (1643, 2224)]]
T[BLOCK, R[(2034, 588), 815, 816, (2849, 1404)]]
T[BLOCK, R[(386, 2101), 228, 234, (614, 2335)]]
T[BLANK, R[(2849, 588), 151, 816, (3000, 1404)]]
T[BLOCK, R[(222, 700), 585, 585, (807, 1285)]]
T[BLANK, R[(807, 1284), 588, 1, (1395, 1285)]]
T[BLOCK, R[(808, 701), 587, 583, (1395, 1284)]]
T[BLANK, R[(0, 2101), 386, 1, (386, 2102)]]
T[BLANK, R[(807, 701), 1, 583, (808, 1284)]]
Neo check result: N-Pass
Traditional check result: PASS
printing visualize to -> ./outputs/case06/case06-output-23.txt
Insert Tile No. 24	T[BLOCK, R[(0, 1800), 150, 450, (150, 2250)]]
allTilesArr: 
T[BLANK, R[(846, 2226), 119, 107, (965, 2333)]]
T[BLANK, R[(876, 2333), 89, 217, (965, 2550)]]
T[BLANK, R[(384, 2102), 2, 228, (386, 2330)]]
T[BLOCK, R[(1673, 5), 588, 582, (2261, 587)]]
T[BLANK, R[(775, 150), 898, 437, (1673, 587)]]
T[BLANK, R[(150, 100), 1523, 50, (1673, 150)]]
T[BLANK, R[(614, 2333), 17, 2, (631, 2335)]]
T[BLANK, R[(2261, 5), 1, 582, (2262, 587)]]
T[BLANK, R[(775, 587), 1487, 1, (2262, 588)]]
T[BLOCK, R[(383, 2335), 248, 215, (631, 2550)]]
T[BLANK, R[(1713, 1404), 519, 360, (2232, 1764)]]
T[BLANK, R[(807, 700), 588, 1, (1395, 701)]]
T[BLOCK, R[(616, 2101), 230, 232, (846, 2333)]]
T[BLOCK, R[(150, 2330), 233, 229, (383, 2559)]]
T[BLOCK, R[(0, 100), 150, 450, (150, 550)]]
T[BLANK, R[(1303, 1885), 340, 2, (1643, 1887)]]
T[BLANK, R[(846, 2224), 797, 2, (1643, 2226)]]
T[BLOCK, R[(150, 1285), 815, 816, (965, 2101)]]
T[BLANK, R[(0, 5), 1673, 95, (1673, 100)]]
T[BLOCK, R[(1235, 1286), 478, 478, (1713, 1764)]]
T[BLANK, R[(965, 1764), 678, 121, (1643, 1885)]]
T[BLOCK, R[(0, 700), 150, 450, (150, 1150)]]
T[BLOCK, R[(965, 2226), 338, 338, (1303, 2564)]]
T[BLOCK, R[(153, 150), 622, 550, (775, 700)]]
T[BLANK, R[(383, 2550), 582, 9, (965, 2559)]]
T[BLANK, R[(965, 1285), 430, 1, (1395, 1286)]]
T[BLANK, R[(150, 2101), 236, 1, (386, 2102)]]
T[BLANK, R[(1713, 1286), 321, 118, (2034, 1404)]]
T[BLOCK, R[(631, 2333), 245, 217, (876, 2550)]]
T[BLANK, R[(0, 2250), 150, 309, (150, 2559)]]
T[BLOCK, R[(0, 1800), 150, 450, (150, 2250)]]
T[BLOCK, R[(150, 2102), 234, 228, (384, 2330)]]
T[BLANK, R[(2813, 1404), 187, 589, (3000, 1993)]]
T[BLANK, R[(846, 2101), 120, 123, (966, 2224)]]
T[BLANK, R[(0, 2564), 3000, 136, (3000, 2700)]]
T[BLANK, R[(1303, 2550), 1697, 14, (3000, 2564)]]
T[BLANK, R[(1303, 2345), 929, 205, (2232, 2550)]]
T[BLOCK, R[(2232, 1993), 614, 557, (2846, 2550)]]
T[BLOCK, R[(2232, 1404), 581, 589, (2813, 1993)]]
T[BLANK, R[(1303, 2226), 340, 119, (1643, 2345)]]
T[BLANK, R[(0, 2559), 965, 5, (965, 2564)]]
T[BLOCK, R[(2262, 0), 582, 588, (2844, 588)]]
T[BLOCK, R[(1303, 1887), 340, 336, (1643, 2223)]]
T[BLANK, R[(2846, 1993), 154, 557, (3000, 2550)]]
T[BLANK, R[(614, 2101), 2, 232, (616, 2333)]]
T[BLOCK, R[(1643, 1764), 589, 581, (2232, 2345)]]
T[BLANK, R[(0, 550), 153, 150, (153, 700)]]
T[BLOCK, R[(966, 1885), 337, 339, (1303, 2224)]]
T[BLANK, R[(965, 1885), 1, 216, (966, 2101)]]
T[BLANK, R[(1978, 699), 56, 587, (2034, 1286)]]
T[BLOCK, R[(0, 1150), 150, 450, (150, 1600)]]
T[BLANK, R[(0, 1600), 150, 200, (150, 1800)]]
T[BLOCK, R[(1395, 699), 583, 587, (1978, 1286)]]
T[BLANK, R[(775, 588), 1259, 111, (2034, 699)]]
T[BLANK, R[(150, 700), 72, 585, (222, 1285)]]
T[BLOCK, R[(222, 700), 585, 585, (807, 1285)]]
T[BLANK, R[(807, 1284), 588, 1, (1395, 1285)]]
T[BLOCK, R[(808, 701), 587, 583, (1395, 1284)]]
T[BLANK, R[(965, 1286), 270, 478, (1235, 1764)]]
T[BLANK, R[(383, 2330), 3, 5, (386, 2335)]]
T[BLANK, R[(1303, 2223), 340, 1, (1643, 2224)]]
T[BLOCK, R[(2034, 588), 815, 816, (2849, 1404)]]
T[BLOCK, R[(386, 2101), 228, 234, (614, 2335)]]
T[BLANK, R[(2849, 588), 151, 816, (3000, 1404)]]
T[BLANK, R[(775, 699), 620, 1, (1395, 700)]]
T[BLANK, R[(2844, 0), 156, 588, (3000, 588)]]
T[BLANK, R[(0, 0), 2262, 5, (2262, 5)]]
T[BLANK, R[(807, 701), 1, 583, (808, 1284)]]
T[BLANK, R[(150, 150), 3, 400, (153, 550)]]
Neo check result: N-Pass
Traditional check result: PASS
printing visualize to -> ./outputs/case06/case06-output-24.txt
Insert Tile No. 25	T[BLOCK, R[(0, 2250), 150, 450, (150, 2700)]]
allTilesArr: 
T[BLANK, R[(846, 2226), 119, 107, (965, 2333)]]
T[BLANK, R[(876, 2333), 89, 217, (965, 2550)]]
T[BLANK, R[(384, 2102), 2, 228, (386, 2330)]]
T[BLOCK, R[(1673, 5), 588, 582, (2261, 587)]]
T[BLANK, R[(775, 150), 898, 437, (1673, 587)]]
T[BLANK, R[(150, 100), 1523, 50, (1673, 150)]]
T[BLANK, R[(0, 5), 1673, 95, (1673, 100)]]
T[BLOCK, R[(1235, 1286), 478, 478, (1713, 1764)]]
T[BLANK, R[(614, 2333), 17, 2, (631, 2335)]]
T[BLANK, R[(2261, 5), 1, 582, (2262, 587)]]
T[BLOCK, R[(383, 2335), 248, 215, (631, 2550)]]
T[BLANK, R[(1713, 1404), 519, 360, (2232, 1764)]]
T[BLOCK, R[(631, 2333), 245, 217, (876, 2550)]]
T[BLANK, R[(807, 700), 588, 1, (1395, 701)]]
T[BLOCK, R[(616, 2101), 230, 232, (846, 2333)]]
T[BLOCK, R[(150, 2330), 233, 229, (383, 2559)]]
T[BLOCK, R[(150, 1285), 815, 816, (965, 2101)]]
T[BLANK, R[(846, 2224), 797, 2, (1643, 2226)]]
T[BLOCK, R[(0, 100), 150, 450, (150, 550)]]
T[BLANK, R[(1303, 1885), 340, 2, (1643, 1887)]]
T[BLANK, R[(775, 587), 1487, 1, (2262, 588)]]
T[BLANK, R[(150, 2564), 2850, 136, (3000, 2700)]]
T[BLOCK, R[(1303, 1887), 340, 336, (1643, 2223)]]
T[BLANK, R[(2846, 1993), 154, 557, (3000, 2550)]]
T[BLANK, R[(150, 2101), 236, 1, (386, 2102)]]
T[BLANK, R[(1713, 1286), 321, 118, (2034, 1404)]]
T[BLANK, R[(2813, 1404), 187, 589, (3000, 1993)]]
T[BLANK, R[(846, 2101), 120, 123, (966, 2224)]]
T[BLANK, R[(1303, 2550), 1697, 14, (3000, 2564)]]
T[BLANK, R[(965, 1764), 678, 121, (1643, 1885)]]
T[BLOCK, R[(0, 2250), 150, 450, (150, 2700)]]
T[BLOCK, R[(0, 700), 150, 450, (150, 1150)]]
T[BLOCK, R[(2232, 1993), 614, 557, (2846, 2550)]]
T[BLANK, R[(1303, 2345), 929, 205, (2232, 2550)]]
T[BLOCK, R[(965, 2226), 338, 338, (1303, 2564)]]
T[BLOCK, R[(153, 150), 622, 550, (775, 700)]]
T[BLOCK, R[(2232, 1404), 581, 589, (2813, 1993)]]
T[BLANK, R[(1303, 2226), 340, 119, (1643, 2345)]]
T[BLOCK, R[(2262, 0), 582, 588, (2844, 588)]]
T[BLANK, R[(614, 2101), 2, 232, (616, 2333)]]
T[BLOCK, R[(1643, 1764), 589, 581, (2232, 2345)]]
T[BLANK, R[(0, 550), 153, 150, (153, 700)]]
T[BLOCK, R[(966, 1885), 337, 339, (1303, 2224)]]
T[BLANK, R[(965, 1885), 1, 216, (966, 2101)]]
T[BLANK, R[(1978, 699), 56, 587, (2034, 1286)]]
T[BLOCK, R[(0, 1150), 150, 450, (150, 1600)]]
T[BLANK, R[(0, 1600), 150, 200, (150, 1800)]]
T[BLOCK, R[(1395, 699), 583, 587, (1978, 1286)]]
T[BLOCK, R[(150, 2102), 234, 228, (384, 2330)]]
T[BLOCK, R[(0, 1800), 150, 450, (150, 2250)]]
T[BLANK, R[(775, 588), 1259, 111, (2034, 699)]]
T[BLANK, R[(150, 700), 72, 585, (222, 1285)]]
T[BLOCK, R[(222, 700), 585, 585, (807, 1285)]]
T[BLANK, R[(807, 1284), 588, 1, (1395, 1285)]]
T[BLOCK, R[(808, 701), 587, 583, (1395, 1284)]]
T[BLANK, R[(383, 2550), 582, 9, (965, 2559)]]
T[BLANK, R[(965, 1285), 430, 1, (1395, 1286)]]
T[BLANK, R[(965, 1286), 270, 478, (1235, 1764)]]
T[BLANK, R[(383, 2330), 3, 5, (386, 2335)]]
T[BLANK, R[(1303, 2223), 340, 1, (1643, 2224)]]
T[BLOCK, R[(2034, 588), 815, 816, (2849, 1404)]]
T[BLOCK, R[(386, 2101), 228, 234, (614, 2335)]]
T[BLANK, R[(2849, 588), 151, 816, (3000, 1404)]]
T[BLANK, R[(775, 699), 620, 1, (1395, 700)]]
T[BLANK, R[(2844, 0), 156, 588, (3000, 588)]]
T[BLANK, R[(0, 0), 2262, 5, (2262, 5)]]
T[BLANK, R[(150, 2559), 815, 5, (965, 2564)]]
T[BLANK, R[(807, 701), 1, 583, (808, 1284)]]
T[BLANK, R[(150, 150), 3, 400, (153, 550)]]
Neo check result: N-Pass
Traditional check result: PASS
printing visualize to -> ./outputs/case06/case06-output-25.txt
Insert Tile No. 26	T[BLOCK, R[(500, 2550), 450, 150, (950, 2700)]]
allTilesArr: 
T[BLANK, R[(614, 2101), 2, 232, (616, 2333)]]
T[BLOCK, R[(1673, 5), 588, 582, (2261, 587)]]
T[BLANK, R[(775, 150), 898, 437, (1673, 587)]]
T[BLANK, R[(150, 100), 1523, 50, (1673, 150)]]
T[BLANK, R[(150, 150), 3, 400, (153, 550)]]
T[BLANK, R[(807, 701), 1, 583, (808, 1284)]]
T[BLOCK, R[(808, 701), 587, 583, (1395, 1284)]]
T[BLOCK, R[(383, 2335), 248, 215, (631, 2550)]]
T[BLANK, R[(614, 2333), 17, 2, (631, 2335)]]
T[BLANK, R[(2261, 5), 1, 582, (2262, 587)]]
T[BLANK, R[(965, 1885), 1, 216, (966, 2101)]]
T[BLANK, R[(807, 700), 588, 1, (1395, 701)]]
T[BLANK, R[(383, 2550), 117, 9, (500, 2559)]]
T[BLOCK, R[(616, 2101), 230, 232, (846, 2333)]]
T[BLOCK, R[(150, 2330), 233, 229, (383, 2559)]]
T[BLANK, R[(876, 2333), 89, 217, (965, 2550)]]
T[BLANK, R[(2844, 0), 156, 588, (3000, 588)]]
T[BLOCK, R[(0, 100), 150, 450, (150, 550)]]
T[BLANK, R[(1303, 1885), 340, 2, (1643, 1887)]]
T[BLOCK, R[(1643, 1764), 589, 581, (2232, 2345)]]
T[BLOCK, R[(0, 700), 150, 450, (150, 1150)]]
T[BLOCK, R[(0, 2250), 150, 450, (150, 2700)]]
T[BLANK, R[(846, 2226), 119, 107, (965, 2333)]]
T[BLANK, R[(950, 2564), 2050, 136, (3000, 2700)]]
T[BLANK, R[(965, 1764), 678, 121, (1643, 1885)]]
T[BLANK, R[(950, 2550), 15, 14, (965, 2564)]]
T[BLOCK, R[(1303, 1887), 340, 336, (1643, 2223)]]
T[BLANK, R[(2846, 1993), 154, 557, (3000, 2550)]]
T[BLANK, R[(150, 2101), 236, 1, (386, 2102)]]
T[BLANK, R[(1713, 1286), 321, 118, (2034, 1404)]]
T[BLOCK, R[(631, 2333), 245, 217, (876, 2550)]]
T[BLOCK, R[(500, 2550), 450, 150, (950, 2700)]]
T[BLANK, R[(2813, 1404), 187, 589, (3000, 1993)]]
T[BLANK, R[(846, 2101), 120, 123, (966, 2224)]]
T[BLANK, R[(150, 2559), 350, 141, (500, 2700)]]
T[BLANK, R[(1303, 2550), 1697, 14, (3000, 2564)]]
T[BLOCK, R[(2232, 1993), 614, 557, (2846, 2550)]]
T[BLANK, R[(1303, 2345), 929, 205, (2232, 2550)]]
T[BLOCK, R[(965, 2226), 338, 338, (1303, 2564)]]
T[BLOCK, R[(153, 150), 622, 550, (775, 700)]]
T[BLOCK, R[(2232, 1404), 581, 589, (2813, 1993)]]
T[BLANK, R[(1303, 2226), 340, 119, (1643, 2345)]]
T[BLOCK, R[(2262, 0), 582, 588, (2844, 588)]]
T[BLANK, R[(1713, 1404), 519, 360, (2232, 1764)]]
T[BLANK, R[(846, 2224), 797, 2, (1643, 2226)]]
T[BLOCK, R[(150, 1285), 815, 816, (965, 2101)]]
T[BLANK, R[(0, 5), 1673, 95, (1673, 100)]]
T[BLOCK, R[(1235, 1286), 478, 478, (1713, 1764)]]
T[BLANK, R[(775, 587), 1487, 1, (2262, 588)]]
T[BLANK, R[(384, 2102), 2, 228, (386, 2330)]]
T[BLANK, R[(0, 0), 2262, 5, (2262, 5)]]
T[BLOCK, R[(150, 2102), 234, 228, (384, 2330)]]
T[BLOCK, R[(0, 1800), 150, 450, (150, 2250)]]
T[BLANK, R[(0, 1600), 150, 200, (150, 1800)]]
T[BLOCK, R[(1395, 699), 583, 587, (1978, 1286)]]
T[BLANK, R[(0, 550), 153, 150, (153, 700)]]
T[BLOCK, R[(966, 1885), 337, 339, (1303, 2224)]]
T[BLANK, R[(1978, 699), 56, 587, (2034, 1286)]]
T[BLOCK, R[(0, 1150), 150, 450, (150, 1600)]]
T[BLANK, R[(775, 588), 1259, 111, (2034, 699)]]
T[BLANK, R[(150, 700), 72, 585, (222, 1285)]]
T[BLOCK, R[(222, 700), 585, 585, (807, 1285)]]
T[BLANK, R[(807, 1284), 588, 1, (1395, 1285)]]
T[BLANK, R[(965, 1285), 430, 1, (1395, 1286)]]
T[BLANK, R[(965, 1286), 270, 478, (1235, 1764)]]
T[BLANK, R[(1303, 2223), 340, 1, (1643, 2224)]]
T[BLANK, R[(383, 2330), 3, 5, (386, 2335)]]
T[BLOCK, R[(2034, 588), 815, 816, (2849, 1404)]]
T[BLOCK, R[(386, 2101), 228, 234, (614, 2335)]]
T[BLANK, R[(2849, 588), 151, 816, (3000, 1404)]]
T[BLANK, R[(775, 699), 620, 1, (1395, 700)]]
Neo check result: N-Pass
Traditional check result: PASS
printing visualize to -> ./outputs/case06/case06-output-26.txt
Insert Tile No. 27	T[BLOCK, R[(1500, 2550), 450, 150, (1950, 2700)]]
allTilesArr: 
T[BLOCK, R[(150, 2330), 233, 229, (383, 2559)]]
T[BLOCK, R[(1673, 5), 588, 582, (2261, 587)]]
T[BLANK, R[(775, 150), 898, 437, (1673, 587)]]
T[BLANK, R[(150, 100), 1523, 50, (1673, 150)]]
T[BLANK, R[(150, 150), 3, 400, (153, 550)]]
T[BLOCK, R[(808, 701), 587, 583, (1395, 1284)]]
T[BLANK, R[(807, 700), 588, 1, (1395, 701)]]
T[BLANK, R[(846, 2226), 119, 107, (965, 2333)]]
T[BLANK, R[(965, 1885), 1, 216, (966, 2101)]]
T[BLOCK, R[(383, 2335), 248, 215, (631, 2550)]]
T[BLANK, R[(1713, 1404), 519, 360, (2232, 1764)]]
T[BLOCK, R[(1500, 2550), 450, 150, (1950, 2700)]]
T[BLANK, R[(807, 701), 1, 583, (808, 1284)]]
T[BLANK, R[(1950, 2550), 1050, 150, (3000, 2700)]]
T[BLOCK, R[(0, 1800), 150, 450, (150, 2250)]]
T[BLOCK, R[(150, 2102), 234, 228, (384, 2330)]]
T[BLANK, R[(150, 2559), 350, 141, (500, 2700)]]
T[BLANK, R[(876, 2333), 89, 217, (965, 2550)]]
T[BLANK, R[(2844, 0), 156, 588, (3000, 588)]]
T[BLOCK, R[(0, 100), 150, 450, (150, 550)]]
T[BLANK, R[(1303, 1885), 340, 2, (1643, 1887)]]
T[BLOCK, R[(965, 2226), 338, 338, (1303, 2564)]]
T[BLOCK, R[(153, 150), 622, 550, (775, 700)]]
T[BLOCK, R[(2232, 1404), 581, 589, (2813, 1993)]]
T[BLANK, R[(1303, 2226), 340, 119, (1643, 2345)]]
T[BLOCK, R[(2262, 0), 582, 588, (2844, 588)]]
T[BLANK, R[(1303, 2345), 929, 205, (2232, 2550)]]
T[BLOCK, R[(2232, 1993), 614, 557, (2846, 2550)]]
T[BLOCK, R[(1643, 1764), 589, 581, (2232, 2345)]]
T[BLANK, R[(614, 2101), 2, 232, (616, 2333)]]
T[BLANK, R[(846, 2224), 797, 2, (1643, 2226)]]
T[BLOCK, R[(150, 1285), 815, 816, (965, 2101)]]
T[BLANK, R[(0, 5), 1673, 95, (1673, 100)]]
T[BLOCK, R[(1235, 1286), 478, 478, (1713, 1764)]]
T[BLANK, R[(950, 2550), 15, 14, (965, 2564)]]
T[BLANK, R[(965, 1764), 678, 121, (1643, 1885)]]
T[BLOCK, R[(0, 2250), 150, 450, (150, 2700)]]
T[BLOCK, R[(0, 700), 150, 450, (150, 1150)]]
T[BLOCK, R[(631, 2333), 245, 217, (876, 2550)]]
T[BLOCK, R[(500, 2550), 450, 150, (950, 2700)]]
T[BLANK, R[(846, 2101), 120, 123, (966, 2224)]]
T[BLANK, R[(2813, 1404), 187, 589, (3000, 1993)]]
T[BLANK, R[(150, 2101), 236, 1, (386, 2102)]]
T[BLANK, R[(1713, 1286), 321, 118, (2034, 1404)]]
T[BLANK, R[(2846, 1993), 154, 557, (3000, 2550)]]
T[BLOCK, R[(1303, 1887), 340, 336, (1643, 2223)]]
T[BLANK, R[(383, 2550), 117, 9, (500, 2559)]]
T[BLOCK, R[(616, 2101), 230, 232, (846, 2333)]]
T[BLANK, R[(614, 2333), 17, 2, (631, 2335)]]
T[BLANK, R[(2261, 5), 1, 582, (2262, 587)]]
T[BLANK, R[(775, 587), 1487, 1, (2262, 588)]]
T[BLANK, R[(384, 2102), 2, 228, (386, 2330)]]
T[BLANK, R[(0, 0), 2262, 5, (2262, 5)]]
T[BLANK, R[(1303, 2550), 197, 14, (1500, 2564)]]
T[BLANK, R[(0, 550), 153, 150, (153, 700)]]
T[BLOCK, R[(966, 1885), 337, 339, (1303, 2224)]]
T[BLANK, R[(1978, 699), 56, 587, (2034, 1286)]]
T[BLOCK, R[(0, 1150), 150, 450, (150, 1600)]]
T[BLANK, R[(0, 1600), 150, 200, (150, 1800)]]
T[BLOCK, R[(1395, 699), 583, 587, (1978, 1286)]]
T[BLANK, R[(775, 588), 1259, 111, (2034, 699)]]
T[BLANK, R[(150, 700), 72, 585, (222, 1285)]]
T[BLOCK, R[(222, 700), 585, 585, (807, 1285)]]
T[BLANK, R[(807, 1284), 588, 1, (1395, 1285)]]
T[BLANK, R[(950, 2564), 550, 136, (1500, 2700)]]
T[BLANK, R[(965, 1285), 430, 1, (1395, 1286)]]
T[BLANK, R[(965, 1286), 270, 478, (1235, 1764)]]
T[BLANK, R[(383, 2330), 3, 5, (386, 2335)]]
T[BLANK, R[(1303, 2223), 340, 1, (1643, 2224)]]
T[BLOCK, R[(2034, 588), 815, 816, (2849, 1404)]]
T[BLOCK, R[(386, 2101), 228, 234, (614, 2335)]]
T[BLANK, R[(2849, 588), 151, 816, (3000, 1404)]]
T[BLANK, R[(775, 699), 620, 1, (1395, 700)]]
Neo check result: N-Pass
Traditional check result: PASS
printing visualize to -> ./outputs/case06/case06-output-27.txt
Insert Tile No. 28	T[BLOCK, R[(2000, 2550), 450, 150, (2450, 2700)]]
allTilesArr: 
T[BLOCK, R[(150, 2330), 233, 229, (383, 2559)]]
T[BLANK, R[(965, 1885), 1, 216, (966, 2101)]]
T[BLOCK, R[(1673, 5), 588, 582, (2261, 587)]]
T[BLANK, R[(775, 150), 898, 437, (1673, 587)]]
T[BLANK, R[(150, 100), 1523, 50, (1673, 150)]]
T[BLANK, R[(150, 150), 3, 400, (153, 550)]]
T[BLANK, R[(0, 1600), 150, 200, (150, 1800)]]
T[BLOCK, R[(0, 1150), 150, 450, (150, 1600)]]
T[BLANK, R[(1978, 699), 56, 587, (2034, 1286)]]
T[BLANK, R[(150, 700), 72, 585, (222, 1285)]]
T[BLANK, R[(775, 588), 1259, 111, (2034, 699)]]
T[BLANK, R[(775, 699), 620, 1, (1395, 700)]]
T[BLANK, R[(614, 2333), 17, 2, (631, 2335)]]
T[BLANK, R[(2261, 5), 1, 582, (2262, 587)]]
T[BLANK, R[(876, 2333), 89, 217, (965, 2550)]]
T[BLANK, R[(2844, 0), 156, 588, (3000, 588)]]
T[BLANK, R[(807, 700), 588, 1, (1395, 701)]]
T[BLANK, R[(150, 2559), 350, 141, (500, 2700)]]
T[BLOCK, R[(150, 2102), 234, 228, (384, 2330)]]
T[BLOCK, R[(0, 1800), 150, 450, (150, 2250)]]
T[BLOCK, R[(0, 700), 150, 450, (150, 1150)]]
T[BLOCK, R[(0, 2250), 150, 450, (150, 2700)]]
T[BLANK, R[(846, 2226), 119, 107, (965, 2333)]]
T[BLOCK, R[(616, 2101), 230, 232, (846, 2333)]]
T[BLANK, R[(383, 2550), 117, 9, (500, 2559)]]
T[BLANK, R[(0, 5), 1673, 95, (1673, 100)]]
T[BLOCK, R[(1235, 1286), 478, 478, (1713, 1764)]]
T[BLOCK, R[(2000, 2550), 450, 150, (2450, 2700)]]
T[BLANK, R[(965, 1286), 270, 478, (1235, 1764)]]
T[BLOCK, R[(631, 2333), 245, 217, (876, 2550)]]
T[BLOCK, R[(500, 2550), 450, 150, (950, 2700)]]
T[BLANK, R[(846, 2101), 120, 123, (966, 2224)]]
T[BLANK, R[(2813, 1404), 187, 589, (3000, 1993)]]
T[BLOCK, R[(383, 2335), 248, 215, (631, 2550)]]
T[BLANK, R[(2450, 2550), 550, 150, (3000, 2700)]]
T[BLANK, R[(1713, 1404), 519, 360, (2232, 1764)]]
T[BLOCK, R[(1303, 1887), 340, 336, (1643, 2223)]]
T[BLANK, R[(2846, 1993), 154, 557, (3000, 2550)]]
T[BLOCK, R[(1500, 2550), 450, 150, (1950, 2700)]]
T[BLOCK, R[(2232, 1993), 614, 557, (2846, 2550)]]
T[BLANK, R[(1303, 2345), 929, 205, (2232, 2550)]]
T[BLOCK, R[(965, 2226), 338, 338, (1303, 2564)]]
T[BLOCK, R[(153, 150), 622, 550, (775, 700)]]
T[BLANK, R[(614, 2101), 2, 232, (616, 2333)]]
T[BLOCK, R[(1643, 1764), 589, 581, (2232, 2345)]]
T[BLANK, R[(1950, 2550), 50, 150, (2000, 2700)]]
T[BLANK, R[(775, 587), 1487, 1, (2262, 588)]]
T[BLOCK, R[(150, 1285), 815, 816, (965, 2101)]]
T[BLANK, R[(846, 2224), 797, 2, (1643, 2226)]]
T[BLANK, R[(384, 2102), 2, 228, (386, 2330)]]
T[BLANK, R[(0, 0), 2262, 5, (2262, 5)]]
T[BLOCK, R[(2232, 1404), 581, 589, (2813, 1993)]]
T[BLANK, R[(1303, 2226), 340, 119, (1643, 2345)]]
T[BLOCK, R[(2262, 0), 582, 588, (2844, 588)]]
T[BLANK, R[(0, 550), 153, 150, (153, 700)]]
T[BLANK, R[(1303, 2550), 197, 14, (1500, 2564)]]
T[BLOCK, R[(966, 1885), 337, 339, (1303, 2224)]]
T[BLANK, R[(150, 2101), 236, 1, (386, 2102)]]
T[BLANK, R[(1713, 1286), 321, 118, (2034, 1404)]]
T[BLOCK, R[(0, 100), 150, 450, (150, 550)]]
T[BLANK, R[(1303, 1885), 340, 2, (1643, 1887)]]
T[BLANK, R[(950, 2550), 15, 14, (965, 2564)]]
T[BLANK, R[(965, 1764), 678, 121, (1643, 1885)]]
T[BLANK, R[(950, 2564), 550, 136, (1500, 2700)]]
T[BLANK, R[(965, 1285), 430, 1, (1395, 1286)]]
T[BLOCK, R[(1395, 699), 583, 587, (1978, 1286)]]
T[BLANK, R[(383, 2330), 3, 5, (386, 2335)]]
T[BLANK, R[(1303, 2223), 340, 1, (1643, 2224)]]
T[BLOCK, R[(2034, 588), 815, 816, (2849, 1404)]]
T[BLOCK, R[(386, 2101), 228, 234, (614, 2335)]]
T[BLANK, R[(2849, 588), 151, 816, (3000, 1404)]]
T[BLOCK, R[(222, 700), 585, 585, (807, 1285)]]
T[BLANK, R[(807, 1284), 588, 1, (1395, 1285)]]
T[BLOCK, R[(808, 701), 587, 583, (1395, 1284)]]
T[BLANK, R[(807, 701), 1, 583, (808, 1284)]]
Neo check result: N-Pass
Traditional check result: PASS
printing visualize to -> ./outputs/case06/case06-output-28.txt
Insert Tile No. 29	T[BLOCK, R[(2850, 1850), 150, 450, (3000, 2300)]]
allTilesArr: 
T[BLOCK, R[(150, 2330), 233, 229, (383, 2559)]]
T[BLOCK, R[(1673, 5), 588, 582, (2261, 587)]]
T[BLANK, R[(775, 150), 898, 437, (1673, 587)]]
T[BLANK, R[(150, 100), 1523, 50, (1673, 150)]]
T[BLANK, R[(150, 150), 3, 400, (153, 550)]]
T[BLOCK, R[(808, 701), 587, 583, (1395, 1284)]]
T[BLANK, R[(775, 699), 620, 1, (1395, 700)]]
T[BLANK, R[(150, 700), 72, 585, (222, 1285)]]
T[BLANK, R[(775, 588), 1259, 111, (2034, 699)]]
T[BLOCK, R[(0, 1150), 150, 450, (150, 1600)]]
T[BLANK, R[(1978, 699), 56, 587, (2034, 1286)]]
T[BLANK, R[(846, 2101), 120, 123, (966, 2224)]]
T[BLANK, R[(150, 2559), 350, 141, (500, 2700)]]
T[BLANK, R[(384, 2102), 2, 228, (386, 2330)]]
T[BLANK, R[(0, 0), 2262, 5, (2262, 5)]]
T[BLANK, R[(614, 2333), 17, 2, (631, 2335)]]
T[BLANK, R[(2261, 5), 1, 582, (2262, 587)]]
T[BLANK, R[(614, 2101), 2, 232, (616, 2333)]]
T[BLOCK, R[(1643, 1764), 589, 581, (2232, 2345)]]
T[BLOCK, R[(383, 2335), 248, 215, (631, 2550)]]
T[BLANK, R[(876, 2333), 89, 217, (965, 2550)]]
T[BLANK, R[(2844, 0), 156, 588, (3000, 588)]]
T[BLANK, R[(1713, 1286), 321, 118, (2034, 1404)]]
T[BLANK, R[(150, 2101), 236, 1, (386, 2102)]]
T[BLOCK, R[(1303, 1887), 340, 336, (1643, 2223)]]
T[BLANK, R[(2846, 2300), 154, 250, (3000, 2550)]]
T[BLOCK, R[(1500, 2550), 450, 150, (1950, 2700)]]
T[BLANK, R[(807, 701), 1, 583, (808, 1284)]]
T[BLANK, R[(2813, 1404), 187, 446, (3000, 1850)]]
T[BLANK, R[(2450, 2550), 550, 150, (3000, 2700)]]
T[BLANK, R[(1950, 2550), 50, 150, (2000, 2700)]]
T[BLANK, R[(846, 2224), 797, 2, (1643, 2226)]]
T[BLOCK, R[(150, 1285), 815, 816, (965, 2101)]]
T[BLANK, R[(0, 5), 1673, 95, (1673, 100)]]
T[BLOCK, R[(1235, 1286), 478, 478, (1713, 1764)]]
T[BLOCK, R[(2000, 2550), 450, 150, (2450, 2700)]]
T[BLANK, R[(965, 1286), 270, 478, (1235, 1764)]]
T[BLOCK, R[(631, 2333), 245, 217, (876, 2550)]]
T[BLOCK, R[(500, 2550), 450, 150, (950, 2700)]]
T[BLANK, R[(775, 587), 1487, 1, (2262, 588)]]
T[BLOCK, R[(0, 700), 150, 450, (150, 1150)]]
T[BLOCK, R[(0, 2250), 150, 450, (150, 2700)]]
T[BLANK, R[(1713, 1404), 519, 360, (2232, 1764)]]
T[BLANK, R[(846, 2226), 119, 107, (965, 2333)]]
T[BLANK, R[(965, 1885), 1, 216, (966, 2101)]]
T[BLOCK, R[(616, 2101), 230, 232, (846, 2333)]]
T[BLANK, R[(383, 2550), 117, 9, (500, 2559)]]
T[BLOCK, R[(150, 2102), 234, 228, (384, 2330)]]
T[BLOCK, R[(0, 1800), 150, 450, (150, 2250)]]
T[BLOCK, R[(2262, 0), 582, 588, (2844, 588)]]
T[BLOCK, R[(965, 2226), 338, 338, (1303, 2564)]]
T[BLOCK, R[(153, 150), 622, 550, (775, 700)]]
T[BLANK, R[(1303, 2345), 929, 205, (2232, 2550)]]
T[BLOCK, R[(2232, 1993), 614, 557, (2846, 2550)]]
T[BLANK, R[(950, 2550), 15, 14, (965, 2564)]]
T[BLANK, R[(965, 1764), 678, 121, (1643, 1885)]]
T[BLOCK, R[(0, 100), 150, 450, (150, 550)]]
T[BLANK, R[(1303, 1885), 340, 2, (1643, 1887)]]
T[BLANK, R[(0, 550), 153, 150, (153, 700)]]
T[BLANK, R[(1303, 2550), 197, 14, (1500, 2564)]]
T[BLOCK, R[(966, 1885), 337, 339, (1303, 2224)]]
T[BLANK, R[(1303, 2226), 340, 119, (1643, 2345)]]
T[BLOCK, R[(2232, 1404), 581, 589, (2813, 1993)]]
T[BLANK, R[(807, 700), 588, 1, (1395, 701)]]
T[BLANK, R[(2813, 1850), 37, 143, (2850, 1993)]]
T[BLOCK, R[(2850, 1850), 150, 450, (3000, 2300)]]
T[BLOCK, R[(222, 700), 585, 585, (807, 1285)]]
T[BLANK, R[(0, 1600), 150, 200, (150, 1800)]]
T[BLANK, R[(2846, 1993), 4, 307, (2850, 2300)]]
T[BLANK, R[(383, 2330), 3, 5, (386, 2335)]]
T[BLANK, R[(1303, 2223), 340, 1, (1643, 2224)]]
T[BLOCK, R[(2034, 588), 815, 816, (2849, 1404)]]
T[BLOCK, R[(386, 2101), 228, 234, (614, 2335)]]
T[BLANK, R[(2849, 588), 151, 816, (3000, 1404)]]
T[BLANK, R[(807, 1284), 588, 1, (1395, 1285)]]
T[BLANK, R[(950, 2564), 550, 136, (1500, 2700)]]
T[BLANK, R[(965, 1285), 430, 1, (1395, 1286)]]
T[BLOCK, R[(1395, 699), 583, 587, (1978, 1286)]]
Neo check result: N-Pass
Traditional check result: PASS
printing visualize to -> ./outputs/case06/case06-output-29.txt
Insert Tile No. 30	T[BLOCK, R[(2850, 1400), 150, 450, (3000, 1850)]]
allTilesArr: 
T[BLOCK, R[(150, 2330), 233, 229, (383, 2559)]]
T[BLANK, R[(775, 150), 898, 437, (1673, 587)]]
T[BLANK, R[(150, 100), 1523, 50, (1673, 150)]]
T[BLANK, R[(150, 150), 3, 400, (153, 550)]]
T[BLANK, R[(807, 701), 1, 583, (808, 1284)]]
T[BLOCK, R[(808, 701), 587, 583, (1395, 1284)]]
T[BLANK, R[(775, 699), 620, 1, (1395, 700)]]
T[BLANK, R[(150, 700), 72, 585, (222, 1285)]]
T[BLANK, R[(775, 588), 1259, 111, (2034, 699)]]
T[BLOCK, R[(0, 1150), 150, 450, (150, 1600)]]
T[BLANK, R[(1978, 699), 56, 587, (2034, 1286)]]
T[BLOCK, R[(1395, 699), 583, 587, (1978, 1286)]]
T[BLANK, R[(384, 2102), 2, 228, (386, 2330)]]
T[BLANK, R[(0, 0), 2262, 5, (2262, 5)]]
T[BLANK, R[(614, 2333), 17, 2, (631, 2335)]]
T[BLANK, R[(2261, 5), 1, 582, (2262, 587)]]
T[BLANK, R[(614, 2101), 2, 232, (616, 2333)]]
T[BLOCK, R[(1643, 1764), 589, 581, (2232, 2345)]]
T[BLOCK, R[(383, 2335), 248, 215, (631, 2550)]]
T[BLANK, R[(876, 2333), 89, 217, (965, 2550)]]
T[BLANK, R[(2844, 0), 156, 588, (3000, 588)]]
T[BLANK, R[(1713, 1286), 321, 118, (2034, 1404)]]
T[BLANK, R[(150, 2101), 236, 1, (386, 2102)]]
T[BLANK, R[(150, 2559), 350, 141, (500, 2700)]]
T[BLANK, R[(846, 2224), 797, 2, (1643, 2226)]]
T[BLOCK, R[(150, 1285), 815, 816, (965, 2101)]]
T[BLANK, R[(0, 5), 1673, 95, (1673, 100)]]
T[BLOCK, R[(1235, 1286), 478, 478, (1713, 1764)]]
T[BLOCK, R[(150, 2102), 234, 228, (384, 2330)]]
T[BLOCK, R[(0, 1800), 150, 450, (150, 2250)]]
T[BLOCK, R[(1303, 1887), 340, 336, (1643, 2223)]]
T[BLANK, R[(2846, 2300), 154, 250, (3000, 2550)]]
T[BLOCK, R[(1500, 2550), 450, 150, (1950, 2700)]]
T[BLANK, R[(2450, 2550), 550, 150, (3000, 2700)]]
T[BLOCK, R[(2000, 2550), 450, 150, (2450, 2700)]]
T[BLANK, R[(965, 1286), 270, 478, (1235, 1764)]]
T[BLANK, R[(846, 2101), 120, 123, (966, 2224)]]
T[BLOCK, R[(2850, 1400), 150, 450, (3000, 1850)]]
T[BLOCK, R[(631, 2333), 245, 217, (876, 2550)]]
T[BLOCK, R[(500, 2550), 450, 150, (950, 2700)]]
T[BLOCK, R[(386, 2101), 228, 234, (614, 2335)]]
T[BLANK, R[(775, 587), 1487, 1, (2262, 588)]]
T[BLOCK, R[(0, 700), 150, 450, (150, 1150)]]
T[BLOCK, R[(0, 2250), 150, 450, (150, 2700)]]
T[BLANK, R[(1713, 1404), 519, 360, (2232, 1764)]]
T[BLANK, R[(846, 2226), 119, 107, (965, 2333)]]
T[BLANK, R[(965, 1885), 1, 216, (966, 2101)]]
T[BLOCK, R[(616, 2101), 230, 232, (846, 2333)]]
T[BLANK, R[(383, 2550), 117, 9, (500, 2559)]]
T[BLOCK, R[(2262, 0), 582, 588, (2844, 588)]]
T[BLOCK, R[(965, 2226), 338, 338, (1303, 2564)]]
T[BLOCK, R[(153, 150), 622, 550, (775, 700)]]
T[BLANK, R[(1303, 2345), 929, 205, (2232, 2550)]]
T[BLOCK, R[(2232, 1993), 614, 557, (2846, 2550)]]
T[BLANK, R[(950, 2550), 15, 14, (965, 2564)]]
T[BLANK, R[(965, 1764), 678, 121, (1643, 1885)]]
T[BLOCK, R[(0, 100), 150, 450, (150, 550)]]
T[BLANK, R[(1303, 1885), 340, 2, (1643, 1887)]]
T[BLANK, R[(0, 550), 153, 150, (153, 700)]]
T[BLANK, R[(1303, 2550), 197, 14, (1500, 2564)]]
T[BLOCK, R[(966, 1885), 337, 339, (1303, 2224)]]
T[BLANK, R[(1303, 2226), 340, 119, (1643, 2345)]]
T[BLOCK, R[(2232, 1404), 581, 589, (2813, 1993)]]
T[BLANK, R[(807, 700), 588, 1, (1395, 701)]]
T[BLANK, R[(2813, 1404), 37, 589, (2850, 1993)]]
T[BLOCK, R[(2850, 1850), 150, 450, (3000, 2300)]]
T[BLOCK, R[(222, 700), 585, 585, (807, 1285)]]
T[BLANK, R[(0, 1600), 150, 200, (150, 1800)]]
T[BLANK, R[(2846, 1993), 4, 307, (2850, 2300)]]
T[BLANK, R[(383, 2330), 3, 5, (386, 2335)]]
T[BLANK, R[(1303, 2223), 340, 1, (1643, 2224)]]
T[BLOCK, R[(2034, 588), 815, 816, (2849, 1404)]]
T[BLANK, R[(1950, 2550), 50, 150, (2000, 2700)]]
T[BLANK, R[(2849, 1400), 1, 4, (2850, 1404)]]
T[BLOCK, R[(1673, 5), 588, 582, (2261, 587)]]
T[BLANK, R[(2849, 588), 151, 812, (3000, 1400)]]
T[BLANK, R[(807, 1284), 588, 1, (1395, 1285)]]
T[BLANK, R[(950, 2564), 550, 136, (1500, 2700)]]
T[BLANK, R[(965, 1285), 430, 1, (1395, 1286)]]
Neo check result: N-Pass
Traditional check result: PASS
printing visualize to -> ./outputs/case06/case06-output-30.txt
Insert Tile No. 31	T[BLOCK, R[(2850, 850), 150, 450, (3000, 1300)]]
allTilesArr: 
T[BLOCK, R[(150, 2330), 233, 229, (383, 2559)]]
T[BLANK, R[(2261, 5), 1, 582, (2262, 587)]]
T[BLANK, R[(0, 0), 2262, 5, (2262, 5)]]
T[BLANK, R[(2844, 0), 156, 588, (3000, 588)]]
T[BLOCK, R[(2262, 0), 582, 588, (2844, 588)]]
T[BLANK, R[(2849, 850), 1, 450, (2850, 1300)]]
T[BLANK, R[(775, 587), 1487, 1, (2262, 588)]]
T[BLANK, R[(775, 150), 898, 437, (1673, 587)]]
T[BLANK, R[(150, 100), 1523, 50, (1673, 150)]]
T[BLANK, R[(150, 150), 3, 400, (153, 550)]]
T[BLANK, R[(614, 2333), 17, 2, (631, 2335)]]
T[BLANK, R[(614, 2101), 2, 232, (616, 2333)]]
T[BLOCK, R[(1643, 1764), 589, 581, (2232, 2345)]]
T[BLOCK, R[(153, 150), 622, 550, (775, 700)]]
T[BLOCK, R[(965, 2226), 338, 338, (1303, 2564)]]
T[BLOCK, R[(383, 2335), 248, 215, (631, 2550)]]
T[BLANK, R[(876, 2333), 89, 217, (965, 2550)]]
T[BLANK, R[(2849, 588), 151, 262, (3000, 850)]]
T[BLOCK, R[(386, 2101), 228, 234, (614, 2335)]]
T[BLOCK, R[(0, 700), 150, 450, (150, 1150)]]
T[BLOCK, R[(0, 2250), 150, 450, (150, 2700)]]
T[BLANK, R[(150, 2559), 350, 141, (500, 2700)]]
T[BLOCK, R[(0, 1800), 150, 450, (150, 2250)]]
T[BLOCK, R[(150, 2102), 234, 228, (384, 2330)]]
T[BLANK, R[(807, 701), 1, 583, (808, 1284)]]
T[BLOCK, R[(2850, 850), 150, 450, (3000, 1300)]]
T[BLOCK, R[(1500, 2550), 450, 150, (1950, 2700)]]
T[BLOCK, R[(1673, 5), 588, 582, (2261, 587)]]
T[BLANK, R[(2849, 1300), 151, 100, (3000, 1400)]]
T[BLOCK, R[(1303, 1887), 340, 336, (1643, 2223)]]
T[BLANK, R[(2846, 2300), 154, 250, (3000, 2550)]]
T[BLOCK, R[(222, 700), 585, 585, (807, 1285)]]
T[BLOCK, R[(2850, 1850), 150, 450, (3000, 2300)]]
T[BLANK, R[(2450, 2550), 550, 150, (3000, 2700)]]
T[BLANK, R[(846, 2224), 797, 2, (1643, 2226)]]
T[BLOCK, R[(150, 1285), 815, 816, (965, 2101)]]
T[BLANK, R[(0, 5), 1673, 95, (1673, 100)]]
T[BLOCK, R[(1235, 1286), 478, 478, (1713, 1764)]]
T[BLOCK, R[(2000, 2550), 450, 150, (2450, 2700)]]
T[BLANK, R[(965, 1286), 270, 478, (1235, 1764)]]
T[BLANK, R[(846, 2101), 120, 123, (966, 2224)]]
T[BLOCK, R[(2850, 1400), 150, 450, (3000, 1850)]]
T[BLOCK, R[(631, 2333), 245, 217, (876, 2550)]]
T[BLOCK, R[(500, 2550), 450, 150, (950, 2700)]]
T[BLANK, R[(965, 1285), 430, 1, (1395, 1286)]]
T[BLANK, R[(950, 2564), 550, 136, (1500, 2700)]]
T[BLANK, R[(1713, 1404), 519, 360, (2232, 1764)]]
T[BLANK, R[(846, 2226), 119, 107, (965, 2333)]]
T[BLANK, R[(965, 1885), 1, 216, (966, 2101)]]
T[BLOCK, R[(616, 2101), 230, 232, (846, 2333)]]
T[BLANK, R[(383, 2550), 117, 9, (500, 2559)]]
T[BLANK, R[(384, 2102), 2, 228, (386, 2330)]]
T[BLANK, R[(150, 700), 72, 585, (222, 1285)]]
T[BLANK, R[(775, 588), 1259, 111, (2034, 699)]]
T[BLOCK, R[(0, 1150), 150, 450, (150, 1600)]]
T[BLANK, R[(1978, 699), 56, 587, (2034, 1286)]]
T[BLANK, R[(1303, 2345), 929, 205, (2232, 2550)]]
T[BLOCK, R[(2232, 1993), 614, 557, (2846, 2550)]]
T[BLANK, R[(950, 2550), 15, 14, (965, 2564)]]
T[BLANK, R[(965, 1764), 678, 121, (1643, 1885)]]
T[BLOCK, R[(0, 100), 150, 450, (150, 550)]]
T[BLANK, R[(1303, 1885), 340, 2, (1643, 1887)]]
T[BLANK, R[(150, 2101), 236, 1, (386, 2102)]]
T[BLANK, R[(1713, 1286), 321, 118, (2034, 1404)]]
T[BLANK, R[(0, 550), 153, 150, (153, 700)]]
T[BLANK, R[(1303, 2550), 197, 14, (1500, 2564)]]
T[BLOCK, R[(966, 1885), 337, 339, (1303, 2224)]]
T[BLANK, R[(1303, 2226), 340, 119, (1643, 2345)]]
T[BLOCK, R[(2232, 1404), 581, 589, (2813, 1993)]]
T[BLANK, R[(807, 700), 588, 1, (1395, 701)]]
T[BLANK, R[(2813, 1404), 37, 589, (2850, 1993)]]
T[BLANK, R[(0, 1600), 150, 200, (150, 1800)]]
T[BLANK, R[(2846, 1993), 4, 307, (2850, 2300)]]
T[BLANK, R[(383, 2330), 3, 5, (386, 2335)]]
T[BLANK, R[(1303, 2223), 340, 1, (1643, 2224)]]
T[BLOCK, R[(2034, 588), 815, 816, (2849, 1404)]]
T[BLANK, R[(1950, 2550), 50, 150, (2000, 2700)]]
T[BLANK, R[(2849, 1400), 1, 4, (2850, 1404)]]
T[BLOCK, R[(1395, 699), 583, 587, (1978, 1286)]]
T[BLANK, R[(775, 699), 620, 1, (1395, 700)]]
T[BLOCK, R[(808, 701), 587, 583, (1395, 1284)]]
T[BLANK, R[(807, 1284), 588, 1, (1395, 1285)]]
Neo check result: N-Pass
Traditional check result: PASS
printing visualize to -> ./outputs/case06/case06-output-31.txt
Insert Tile No. 32	T[BLOCK, R[(2850, 400), 150, 450, (3000, 850)]]
allTilesArr: 
T[BLOCK, R[(150, 2330), 233, 229, (383, 2559)]]
T[BLANK, R[(2261, 5), 1, 582, (2262, 587)]]
T[BLANK, R[(0, 0), 2262, 5, (2262, 5)]]
T[BLANK, R[(2844, 0), 156, 400, (3000, 400)]]
T[BLANK, R[(2844, 400), 6, 188, (2850, 588)]]
T[BLOCK, R[(2262, 0), 582, 588, (2844, 588)]]
T[BLANK, R[(2849, 588), 1, 712, (2850, 1300)]]
T[BLANK, R[(775, 587), 1487, 1, (2262, 588)]]
T[BLANK, R[(775, 150), 898, 437, (1673, 587)]]
T[BLANK, R[(150, 100), 1523, 50, (1673, 150)]]
T[BLANK, R[(150, 150), 3, 400, (153, 550)]]
T[BLANK, R[(614, 2333), 17, 2, (631, 2335)]]
T[BLANK, R[(614, 2101), 2, 232, (616, 2333)]]
T[BLOCK, R[(1643, 1764), 589, 581, (2232, 2345)]]
T[BLOCK, R[(153, 150), 622, 550, (775, 700)]]
T[BLOCK, R[(965, 2226), 338, 338, (1303, 2564)]]
T[BLOCK, R[(383, 2335), 248, 215, (631, 2550)]]
T[BLANK, R[(876, 2333), 89, 217, (965, 2550)]]
T[BLOCK, R[(386, 2101), 228, 234, (614, 2335)]]
T[BLOCK, R[(0, 700), 150, 450, (150, 1150)]]
T[BLOCK, R[(0, 2250), 150, 450, (150, 2700)]]
T[BLANK, R[(150, 2559), 350, 141, (500, 2700)]]
T[BLOCK, R[(0, 1800), 150, 450, (150, 2250)]]
T[BLOCK, R[(150, 2102), 234, 228, (384, 2330)]]
T[BLANK, R[(807, 701), 1, 583, (808, 1284)]]
T[BLOCK, R[(2850, 850), 150, 450, (3000, 1300)]]
T[BLOCK, R[(1500, 2550), 450, 150, (1950, 2700)]]
T[BLOCK, R[(1673, 5), 588, 582, (2261, 587)]]
T[BLANK, R[(2849, 1300), 151, 100, (3000, 1400)]]
T[BLOCK, R[(1303, 1887), 340, 336, (1643, 2223)]]
T[BLANK, R[(2846, 2300), 154, 250, (3000, 2550)]]
T[BLOCK, R[(222, 700), 585, 585, (807, 1285)]]
T[BLOCK, R[(2850, 1850), 150, 450, (3000, 2300)]]
T[BLOCK, R[(2850, 400), 150, 450, (3000, 850)]]
T[BLANK, R[(2450, 2550), 550, 150, (3000, 2700)]]
T[BLANK, R[(846, 2224), 797, 2, (1643, 2226)]]
T[BLOCK, R[(150, 1285), 815, 816, (965, 2101)]]
T[BLANK, R[(0, 5), 1673, 95, (1673, 100)]]
T[BLOCK, R[(1235, 1286), 478, 478, (1713, 1764)]]
T[BLOCK, R[(2000, 2550), 450, 150, (2450, 2700)]]
T[BLANK, R[(965, 1286), 270, 478, (1235, 1764)]]
T[BLANK, R[(846, 2101), 120, 123, (966, 2224)]]
T[BLOCK, R[(2850, 1400), 150, 450, (3000, 1850)]]
T[BLOCK, R[(631, 2333), 245, 217, (876, 2550)]]
T[BLOCK, R[(500, 2550), 450, 150, (950, 2700)]]
T[BLANK, R[(965, 1285), 430, 1, (1395, 1286)]]
T[BLANK, R[(950, 2564), 550, 136, (1500, 2700)]]
T[BLANK, R[(1713, 1404), 519, 360, (2232, 1764)]]
T[BLANK, R[(846, 2226), 119, 107, (965, 2333)]]
T[BLANK, R[(965, 1885), 1, 216, (966, 2101)]]
T[BLOCK, R[(616, 2101), 230, 232, (846, 2333)]]
T[BLANK, R[(383, 2550), 117, 9, (500, 2559)]]
T[BLANK, R[(384, 2102), 2, 228, (386, 2330)]]
T[BLANK, R[(150, 700), 72, 585, (222, 1285)]]
T[BLANK, R[(775, 588), 1259, 111, (2034, 699)]]
T[BLOCK, R[(0, 1150), 150, 450, (150, 1600)]]
T[BLANK, R[(1978, 699), 56, 587, (2034, 1286)]]
T[BLANK, R[(1303, 2345), 929, 205, (2232, 2550)]]
T[BLOCK, R[(2232, 1993), 614, 557, (2846, 2550)]]
T[BLANK, R[(950, 2550), 15, 14, (965, 2564)]]
T[BLANK, R[(965, 1764), 678, 121, (1643, 1885)]]
T[BLOCK, R[(0, 100), 150, 450, (150, 550)]]
T[BLANK, R[(1303, 1885), 340, 2, (1643, 1887)]]
T[BLANK, R[(150, 2101), 236, 1, (386, 2102)]]
T[BLANK, R[(1713, 1286), 321, 118, (2034, 1404)]]
T[BLANK, R[(0, 550), 153, 150, (153, 700)]]
T[BLANK, R[(1303, 2550), 197, 14, (1500, 2564)]]
T[BLOCK, R[(966, 1885), 337, 339, (1303, 2224)]]
T[BLANK, R[(1303, 2226), 340, 119, (1643, 2345)]]
T[BLOCK, R[(2232, 1404), 581, 589, (2813, 1993)]]
T[BLANK, R[(807, 700), 588, 1, (1395, 701)]]
T[BLANK, R[(2813, 1404), 37, 589, (2850, 1993)]]
T[BLANK, R[(0, 1600), 150, 200, (150, 1800)]]
T[BLANK, R[(2846, 1993), 4, 307, (2850, 2300)]]
T[BLANK, R[(383, 2330), 3, 5, (386, 2335)]]
T[BLANK, R[(1303, 2223), 340, 1, (1643, 2224)]]
T[BLOCK, R[(2034, 588), 815, 816, (2849, 1404)]]
T[BLANK, R[(1950, 2550), 50, 150, (2000, 2700)]]
T[BLANK, R[(2849, 1400), 1, 4, (2850, 1404)]]
T[BLOCK, R[(1395, 699), 583, 587, (1978, 1286)]]
T[BLANK, R[(775, 699), 620, 1, (1395, 700)]]
T[BLOCK, R[(808, 701), 587, 583, (1395, 1284)]]
T[BLANK, R[(807, 1284), 588, 1, (1395, 1285)]]
Neo check result: N-Pass
Traditional check result: PASS
printing visualize to -> ./outputs/case06/case06-output-32.txt
Insert Tile No. 33	T[BLOCK, R[(400, 0), 450, 150, (850, 150)]]
allTilesArr: 
T[BLOCK, R[(150, 2330), 233, 229, (383, 2559)]]
T[BLANK, R[(2261, 5), 1, 582, (2262, 587)]]
T[BLANK, R[(850, 0), 1412, 5, (2262, 5)]]
T[BLANK, R[(2844, 400), 6, 188, (2850, 588)]]
T[BLOCK, R[(2262, 0), 582, 588, (2844, 588)]]
T[BLANK, R[(2849, 588), 1, 712, (2850, 1300)]]
T[BLANK, R[(775, 587), 1487, 1, (2262, 588)]]
T[BLANK, R[(775, 150), 898, 437, (1673, 587)]]
T[BLOCK, R[(400, 0), 450, 150, (850, 150)]]
T[BLANK, R[(2844, 0), 156, 400, (3000, 400)]]
T[BLANK, R[(150, 100), 250, 50, (400, 150)]]
T[BLANK, R[(0, 0), 400, 100, (400, 100)]]
T[BLANK, R[(150, 150), 3, 400, (153, 550)]]
T[BLANK, R[(614, 2333), 17, 2, (631, 2335)]]
T[BLANK, R[(614, 2101), 2, 232, (616, 2333)]]
T[BLOCK, R[(1643, 1764), 589, 581, (2232, 2345)]]
T[BLOCK, R[(153, 150), 622, 550, (775, 700)]]
T[BLOCK, R[(965, 2226), 338, 338, (1303, 2564)]]
T[BLOCK, R[(383, 2335), 248, 215, (631, 2550)]]
T[BLANK, R[(876, 2333), 89, 217, (965, 2550)]]
T[BLOCK, R[(386, 2101), 228, 234, (614, 2335)]]
T[BLOCK, R[(0, 700), 150, 450, (150, 1150)]]
T[BLOCK, R[(0, 2250), 150, 450, (150, 2700)]]
T[BLANK, R[(150, 2559), 350, 141, (500, 2700)]]
T[BLOCK, R[(0, 1800), 150, 450, (150, 2250)]]
T[BLOCK, R[(150, 2102), 234, 228, (384, 2330)]]
T[BLANK, R[(807, 701), 1, 583, (808, 1284)]]
T[BLOCK, R[(2850, 850), 150, 450, (3000, 1300)]]
T[BLOCK, R[(1500, 2550), 450, 150, (1950, 2700)]]
T[BLOCK, R[(1673, 5), 588, 582, (2261, 587)]]
T[BLANK, R[(2849, 1300), 151, 100, (3000, 1400)]]
T[BLOCK, R[(1303, 1887), 340, 336, (1643, 2223)]]
T[BLANK, R[(2846, 2300), 154, 250, (3000, 2550)]]
T[BLOCK, R[(222, 700), 585, 585, (807, 1285)]]
T[BLOCK, R[(2850, 1850), 150, 450, (3000, 2300)]]
T[BLOCK, R[(2850, 400), 150, 450, (3000, 850)]]
T[BLANK, R[(2450, 2550), 550, 150, (3000, 2700)]]
T[BLANK, R[(846, 2224), 797, 2, (1643, 2226)]]
T[BLOCK, R[(150, 1285), 815, 816, (965, 2101)]]
T[BLOCK, R[(1235, 1286), 478, 478, (1713, 1764)]]
T[BLANK, R[(850, 5), 823, 145, (1673, 150)]]
T[BLOCK, R[(2000, 2550), 450, 150, (2450, 2700)]]
T[BLANK, R[(965, 1286), 270, 478, (1235, 1764)]]
T[BLANK, R[(846, 2101), 120, 123, (966, 2224)]]
T[BLOCK, R[(2850, 1400), 150, 450, (3000, 1850)]]
T[BLOCK, R[(631, 2333), 245, 217, (876, 2550)]]
T[BLOCK, R[(500, 2550), 450, 150, (950, 2700)]]
T[BLANK, R[(965, 1285), 430, 1, (1395, 1286)]]
T[BLANK, R[(950, 2564), 550, 136, (1500, 2700)]]
T[BLANK, R[(1713, 1404), 519, 360, (2232, 1764)]]
T[BLANK, R[(846, 2226), 119, 107, (965, 2333)]]
T[BLANK, R[(965, 1885), 1, 216, (966, 2101)]]
T[BLOCK, R[(616, 2101), 230, 232, (846, 2333)]]
T[BLANK, R[(383, 2550), 117, 9, (500, 2559)]]
T[BLANK, R[(384, 2102), 2, 228, (386, 2330)]]
T[BLANK, R[(150, 700), 72, 585, (222, 1285)]]
T[BLANK, R[(775, 588), 1259, 111, (2034, 699)]]
T[BLOCK, R[(0, 1150), 150, 450, (150, 1600)]]
T[BLANK, R[(1978, 699), 56, 587, (2034, 1286)]]
T[BLANK, R[(1303, 2345), 929, 205, (2232, 2550)]]
T[BLOCK, R[(2232, 1993), 614, 557, (2846, 2550)]]
T[BLANK, R[(950, 2550), 15, 14, (965, 2564)]]
T[BLANK, R[(965, 1764), 678, 121, (1643, 1885)]]
T[BLOCK, R[(0, 100), 150, 450, (150, 550)]]
T[BLANK, R[(1303, 1885), 340, 2, (1643, 1887)]]
T[BLANK, R[(150, 2101), 236, 1, (386, 2102)]]
T[BLANK, R[(1713, 1286), 321, 118, (2034, 1404)]]
T[BLANK, R[(0, 550), 153, 150, (153, 700)]]
T[BLANK, R[(1303, 2550), 197, 14, (1500, 2564)]]
T[BLOCK, R[(966, 1885), 337, 339, (1303, 2224)]]
T[BLANK, R[(1303, 2226), 340, 119, (1643, 2345)]]
T[BLOCK, R[(2232, 1404), 581, 589, (2813, 1993)]]
T[BLANK, R[(807, 700), 588, 1, (1395, 701)]]
T[BLANK, R[(2813, 1404), 37, 589, (2850, 1993)]]
T[BLANK, R[(0, 1600), 150, 200, (150, 1800)]]
T[BLANK, R[(2846, 1993), 4, 307, (2850, 2300)]]
T[BLANK, R[(383, 2330), 3, 5, (386, 2335)]]
T[BLANK, R[(1303, 2223), 340, 1, (1643, 2224)]]
T[BLOCK, R[(2034, 588), 815, 816, (2849, 1404)]]
T[BLANK, R[(1950, 2550), 50, 150, (2000, 2700)]]
T[BLANK, R[(2849, 1400), 1, 4, (2850, 1404)]]
T[BLOCK, R[(1395, 699), 583, 587, (1978, 1286)]]
T[BLANK, R[(775, 699), 620, 1, (1395, 700)]]
T[BLOCK, R[(808, 701), 587, 583, (1395, 1284)]]
T[BLANK, R[(807, 1284), 588, 1, (1395, 1285)]]
Neo check result: N-Pass
Traditional check result: PASS
printing visualize to -> ./outputs/case06/case06-output-33.txt
